The target system is: FreeRTOS -  - cortexr5
The host system is: Linux - 6.14.0-37-generic - x86_64
Compiling the C compiler identification source file "CMakeCCompilerId.c" succeeded.
Compiler: /tools/Xilinx/2025.2/Vitis/gnu/armr5/lin/gcc-arm-none-eabi/bin/armr5-none-eabi-gcc 
Build flags: ;;-DSDT;-mcpu=cortex-r5;-mfloat-abi=hard;-mfpu=vfpv3-d16;-DARMR5;;-MMD;-MP;-specs=/home/wstanislaus/git/Demo2/platform/psu_cortexr5_0/freertos_psu_cortexr5_0/bsp/Xilinx.spec;-I/home/wstanislaus/git/Demo2/platform/psu_cortexr5_0/freertos_psu_cortexr5_0/bsp/include
Id flags:  

The output was:
0
/tools/Xilinx/2025.2/gnu/armr5/lin/gcc-arm-none-eabi/x86_64-oesdk-linux/usr/bin/arm-xilinx-eabi/arm-xilinx-eabi-ld.real: warning: cannot find entry symbol _start; defaulting to 00008030


Compilation of the C compiler identification source "CMakeCCompilerId.c" produced "a-CMakeCCompilerId.d"

Compilation of the C compiler identification source "CMakeCCompilerId.c" produced "a.out"

The C compiler identification is GNU, found in "/home/wstanislaus/git/Demo2/platform/psu_cortexr5_0/freertos_psu_cortexr5_0/bsp/libsrc/build_configs/exmetadata/CMakeFiles/3.24.2/CompilerIdC/a.out"

Compiling the CXX compiler identification source file "CMakeCXXCompilerId.cpp" succeeded.
Compiler: /tools/Xilinx/2025.2/Vitis/gnu/armr5/lin/gcc-arm-none-eabi/bin/armr5-none-eabi-g++ 
Build flags: ;;-DSDT;-mcpu=cortex-r5;-mfloat-abi=hard;-mfpu=vfpv3-d16;-DARMR5;;-MMD;-MP;-specs=/home/wstanislaus/git/Demo2/platform/psu_cortexr5_0/freertos_psu_cortexr5_0/bsp/Xilinx.spec;-I/home/wstanislaus/git/Demo2/platform/psu_cortexr5_0/freertos_psu_cortexr5_0/bsp/include
Id flags:  

The output was:
0
/tools/Xilinx/2025.2/gnu/armr5/lin/gcc-arm-none-eabi/x86_64-oesdk-linux/usr/bin/arm-xilinx-eabi/arm-xilinx-eabi-ld.real: warning: cannot find entry symbol _start; defaulting to 00008030


Compilation of the CXX compiler identification source "CMakeCXXCompilerId.cpp" produced "a-CMakeCXXCompilerId.d"

Compilation of the CXX compiler identification source "CMakeCXXCompilerId.cpp" produced "a.out"

The CXX compiler identification is GNU, found in "/home/wstanislaus/git/Demo2/platform/psu_cortexr5_0/freertos_psu_cortexr5_0/bsp/libsrc/build_configs/exmetadata/CMakeFiles/3.24.2/CompilerIdCXX/a.out"

Detecting C compiler ABI info compiled with the following output:
Change Dir: /home/wstanislaus/git/Demo2/platform/psu_cortexr5_0/freertos_psu_cortexr5_0/bsp/libsrc/build_configs/exmetadata/CMakeFiles/CMakeTmp

Run Build Command(s):/tools/Xilinx/2025.2/Vitis/bin/ninja cmTC_3a477 && [1/2] Building C object CMakeFiles/cmTC_3a477.dir/CMakeCCompilerABI.c.obj
Using built-in specs.
Reading specs from /home/wstanislaus/git/Demo2/platform/psu_cortexr5_0/freertos_psu_cortexr5_0/bsp/Xilinx.spec
COLLECT_GCC=/tools/Xilinx/2025.2/Vitis/gnu/armr5/lin/gcc-arm-none-eabi/bin/../x86_64-oesdk-linux/usr/bin/arm-xilinx-eabi/arm-xilinx-eabi-gcc.real
Target: arm-xilinx-eabi
Configured with: ../../../../../../work-shared/gcc-13.3.0-r0/gcc-13.3.0/configure --build=x86_64-linux --host=x86_64-oesdk-linux --target=arm-xilinx-eabi --prefix=/usr/local/oe-sdk-hardcoded-buildpath/sysroots/x86_64-oesdk-linux/usr --exec_prefix=/usr/local/oe-sdk-hardcoded-buildpath/sysroots/x86_64-oesdk-linux/usr --bindir=/usr/local/oe-sdk-hardcoded-buildpath/sysroots/x86_64-oesdk-linux/usr/bin/arm-xilinx-eabi --sbindir=/usr/local/oe-sdk-hardcoded-buildpath/sysroots/x86_64-oesdk-linux/usr/bin/arm-xilinx-eabi --libexecdir=/usr/local/oe-sdk-hardcoded-buildpath/sysroots/x86_64-oesdk-linux/usr/libexec/arm-xilinx-eabi --datadir=/usr/local/oe-sdk-hardcoded-buildpath/sysroots/x86_64-oesdk-linux/usr/share --sysconfdir=/usr/local/oe-sdk-hardcoded-buildpath/sysroots/x86_64-oesdk-linux/etc --sharedstatedir=/usr/local/oe-sdk-hardcoded-buildpath/sysroots/x86_64-oesdk-linux/com --localstatedir=/usr/local/oe-sdk-hardcoded-buildpath/sysroots/x86_64-oesdk-linux/var --libdir=/usr/local/oe-sdk-hardcoded-buildpath/sysroots/x86_64-oesdk-linux/usr/lib/arm-xilinx-eabi --includedir=/usr/local/oe-sdk-hardcoded-buildpath/sysroots/x86_64-oesdk-linux/usr/include --oldincludedir=/usr/local/oe-sdk-hardcoded-buildpath/sysroots/x86_64-oesdk-linux/usr/include --infodir=/usr/local/oe-sdk-hardcoded-buildpath/sysroots/x86_64-oesdk-linux/usr/share/info --mandir=/usr/local/oe-sdk-hardcoded-buildpath/sysroots/x86_64-oesdk-linux/usr/share/man --disable-silent-rules --disable-dependency-tracking --with-libtool-sysroot=/host --with-gnu-ld --enable-shared --enable-languages=c,c++,fortran --enable-threads=posix --enable-multilib --enable-c99 --enable-long-long --enable-libstdcxx-pch --program-prefix=arm-xilinx-eabi- --without-local-prefix --disable-install-libiberty --disable-libssp --enable-libitm --enable-lto --disable-bootstrap --with-system-zlib --enable-linker-build-id --with-ppl=no --with-cloog=no --enable-checking=release --enable-cheaders=c_global --without-isl --with-gxx-include-dir=/not/exist/usr/include/c++/13.3.0 --with-build-time-tools=/host-native/usr/arm-xilinx-eabi/bin --with-sysroot=/not/exist --with-build-sysroot=/host --with-plugin-ld=ld --enable-poison-system-directories --disable-static --enable-nls --with-glibc-version=2.28 --enable-initfini-array --with-multilib-list=rmprofile --enable-multilib --disable-libstdcxx-pch --with-newlib --disable-threads --enable-plugins --with-gnu-as --disable-libitm --disable-tm-clone-registry --disable-tls --disable-decimal-float --with-sysroot=/not/exist
Thread model: single
Supported LTO compression algorithms: zlib zstd
gcc version 13.3.0 (GCC) 
COLLECT_GCC_OPTIONS='--sysroot=/tools/Xilinx/2025.2/Vitis/gnu/armr5/lin/gcc-arm-none-eabi/bin/../armrm-xilinx-eabi' '-D' 'FREERTOS_BSP' '-D' 'SDT' '-mcpu=cortex-r5' '-mfloat-abi=hard' '-mfpu=vfpv3-d16' '-D' 'ARMR5' '-MMD' '-MP' '-specs=/home/wstanislaus/git/Demo2/platform/psu_cortexr5_0/freertos_psu_cortexr5_0/bsp/Xilinx.spec' '-I' '/home/wstanislaus/git/Demo2/platform/psu_cortexr5_0/freertos_psu_cortexr5_0/bsp/include' '-v' '-o' 'CMakeFiles/cmTC_3a477.dir/CMakeCCompilerABI.c.obj' '-c' '-marm' '-mlibarch=armv7-r+fp+idiv' '-march=armv7-r+fp+idiv' '-dumpdir' 'CMakeFiles/cmTC_3a477.dir/'
 /tools/Xilinx/2025.2/gnu/armr5/lin/gcc-arm-none-eabi/x86_64-oesdk-linux/usr/bin/arm-xilinx-eabi/../../libexec/arm-xilinx-eabi/gcc/arm-xilinx-eabi/13.3.0/cc1 -quiet -v -I /home/wstanislaus/git/Demo2/platform/psu_cortexr5_0/freertos_psu_cortexr5_0/bsp/include -imultilib thumb/v7+fp/hard -iprefix /tools/Xilinx/2025.2/gnu/armr5/lin/gcc-arm-none-eabi/x86_64-oesdk-linux/usr/bin/arm-xilinx-eabi/../../lib/arm-xilinx-eabi/gcc/arm-xilinx-eabi/13.3.0/ -isysroot /tools/Xilinx/2025.2/Vitis/gnu/armr5/lin/gcc-arm-none-eabi/bin/../armrm-xilinx-eabi -MMD CMakeFiles/cmTC_3a477.dir/CMakeCCompilerABI.c.d -MP -MQ CMakeFiles/cmTC_3a477.dir/CMakeCCompilerABI.c.obj -D__USES_INITFINI__ -D FREERTOS_BSP -D SDT -D ARMR5 /tools/Xilinx/2025.2/tps/lnx64/cmake-3.24.2/share/cmake-3.24/Modules/CMakeCCompilerABI.c -quiet -dumpdir CMakeFiles/cmTC_3a477.dir/ -dumpbase CMakeCCompilerABI.c.c -dumpbase-ext .c -mcpu=cortex-r5 -mfloat-abi=hard -mfpu=vfpv3-d16 -marm -mlibarch=armv7-r+fp+idiv -march=armv7-r+fp+idiv -version -o /tmp/cceN8Rx6.s
GNU C17 (GCC) version 13.3.0 (arm-xilinx-eabi)
	compiled by GNU C version 13.3.0, GMP version 6.3.0, MPFR version 4.2.1, MPC version 1.3.1, isl version none
GGC heuristics: --param ggc-min-expand=100 --param ggc-min-heapsize=131072
ignoring nonexistent directory "/tools/Xilinx/2025.2/gnu/armr5/lin/gcc-arm-none-eabi/x86_64-oesdk-linux/usr/bin/arm-xilinx-eabi/../../lib/arm-xilinx-eabi/gcc/arm-xilinx-eabi/13.3.0/../../../../../arm-xilinx-eabi/include"
ignoring duplicate directory "/tools/Xilinx/2025.2/gnu/armr5/lin/gcc-arm-none-eabi/x86_64-oesdk-linux/usr/bin/arm-xilinx-eabi/../../lib/arm-xilinx-eabi/gcc/../../../lib/arm-xilinx-eabi/gcc/arm-xilinx-eabi/13.3.0/include"
ignoring nonexistent directory "/tools/Xilinx/2025.2/Vitis/gnu/armr5/lin/gcc-arm-none-eabi/bin/../armrm-xilinx-eabi/usr/lib/arm-xilinx-eabi/13.3.0/include"
ignoring nonexistent directory "/tools/Xilinx/2025.2/Vitis/gnu/armr5/lin/gcc-arm-none-eabi/bin/../armrm-xilinx-eabi/usr/local/include"
ignoring duplicate directory "/tools/Xilinx/2025.2/gnu/armr5/lin/gcc-arm-none-eabi/x86_64-oesdk-linux/usr/bin/arm-xilinx-eabi/../../lib/arm-xilinx-eabi/gcc/../../../lib/arm-xilinx-eabi/gcc/arm-xilinx-eabi/13.3.0/include-fixed"
ignoring nonexistent directory "/tools/Xilinx/2025.2/gnu/armr5/lin/gcc-arm-none-eabi/x86_64-oesdk-linux/usr/bin/arm-xilinx-eabi/../../lib/arm-xilinx-eabi/gcc/../../../lib/arm-xilinx-eabi/gcc/arm-xilinx-eabi/13.3.0/../../../../../arm-xilinx-eabi/include"
#include "..." search starts here:
#include <...> search starts here:
 /home/wstanislaus/git/Demo2/platform/psu_cortexr5_0/freertos_psu_cortexr5_0/bsp/include
 /tools/Xilinx/2025.2/gnu/armr5/lin/gcc-arm-none-eabi/x86_64-oesdk-linux/usr/bin/arm-xilinx-eabi/../../lib/arm-xilinx-eabi/gcc/arm-xilinx-eabi/13.3.0/include
 /tools/Xilinx/2025.2/gnu/armr5/lin/gcc-arm-none-eabi/x86_64-oesdk-linux/usr/bin/arm-xilinx-eabi/../../lib/arm-xilinx-eabi/gcc/arm-xilinx-eabi/13.3.0/include-fixed
 /tools/Xilinx/2025.2/Vitis/gnu/armr5/lin/gcc-arm-none-eabi/bin/../armrm-xilinx-eabi/usr/include/
End of search list.
Compiler executable checksum: e8754903266a6e178dd5a2900f8d5022
COLLECT_GCC_OPTIONS='--sysroot=/tools/Xilinx/2025.2/Vitis/gnu/armr5/lin/gcc-arm-none-eabi/bin/../armrm-xilinx-eabi' '-D' 'FREERTOS_BSP' '-D' 'SDT' '-mcpu=cortex-r5' '-mfloat-abi=hard' '-mfpu=vfpv3-d16' '-D' 'ARMR5' '-MMD' '-MP' '-specs=/home/wstanislaus/git/Demo2/platform/psu_cortexr5_0/freertos_psu_cortexr5_0/bsp/Xilinx.spec' '-I' '/home/wstanislaus/git/Demo2/platform/psu_cortexr5_0/freertos_psu_cortexr5_0/bsp/include' '-v' '-o' 'CMakeFiles/cmTC_3a477.dir/CMakeCCompilerABI.c.obj' '-c' '-marm' '-mlibarch=armv7-r+fp+idiv' '-march=armv7-r+fp+idiv' '-dumpdir' 'CMakeFiles/cmTC_3a477.dir/'
 /tools/Xilinx/2025.2/gnu/armr5/lin/gcc-arm-none-eabi/x86_64-oesdk-linux/usr/bin/arm-xilinx-eabi/../../libexec/arm-xilinx-eabi/gcc/arm-xilinx-eabi/13.3.0/as -v -I /home/wstanislaus/git/Demo2/platform/psu_cortexr5_0/freertos_psu_cortexr5_0/bsp/include -march=armv7-r+fp+idiv -mfloat-abi=hard -mfpu=vfpv3-d16 -meabi=5 -o CMakeFiles/cmTC_3a477.dir/CMakeCCompilerABI.c.obj /tmp/cceN8Rx6.s
GNU assembler version 2.42.0 (arm-xilinx-eabi) using BFD version (GNU Binutils) 2.42.0.20240723
COMPILER_PATH=/tools/Xilinx/2025.2/gnu/armr5/lin/gcc-arm-none-eabi/x86_64-oesdk-linux/usr/bin/arm-xilinx-eabi/../../libexec/arm-xilinx-eabi/gcc/arm-xilinx-eabi/13.3.0/:/tools/Xilinx/2025.2/gnu/armr5/lin/gcc-arm-none-eabi/x86_64-oesdk-linux/usr/bin/arm-xilinx-eabi/../../libexec/arm-xilinx-eabi/gcc/
LIBRARY_PATH=/tools/Xilinx/2025.2/Vitis/gnu/armr5/lin/gcc-arm-none-eabi/bin/../armrm-xilinx-eabi/usr/lib/thumb/v7+fp/hard/:/tools/Xilinx/2025.2/gnu/armr5/lin/gcc-arm-none-eabi/x86_64-oesdk-linux/usr/bin/arm-xilinx-eabi/../../lib/arm-xilinx-eabi/gcc/arm-xilinx-eabi/13.3.0/:/tools/Xilinx/2025.2/gnu/armr5/lin/gcc-arm-none-eabi/x86_64-oesdk-linux/usr/bin/arm-xilinx-eabi/../../lib/arm-xilinx-eabi/gcc/:/tools/Xilinx/2025.2/Vitis/gnu/armr5/lin/gcc-arm-none-eabi/bin/../armrm-xilinx-eabi/usr/lib/arm-xilinx-eabi/13.3.0/:/tools/Xilinx/2025.2/Vitis/gnu/armr5/lin/gcc-arm-none-eabi/bin/../armrm-xilinx-eabi/usr/lib/
COLLECT_GCC_OPTIONS='--sysroot=/tools/Xilinx/2025.2/Vitis/gnu/armr5/lin/gcc-arm-none-eabi/bin/../armrm-xilinx-eabi' '-D' 'FREERTOS_BSP' '-D' 'SDT' '-mcpu=cortex-r5' '-mfloat-abi=hard' '-mfpu=vfpv3-d16' '-D' 'ARMR5' '-MMD' '-MP' '-specs=/home/wstanislaus/git/Demo2/platform/psu_cortexr5_0/freertos_psu_cortexr5_0/bsp/Xilinx.spec' '-I' '/home/wstanislaus/git/Demo2/platform/psu_cortexr5_0/freertos_psu_cortexr5_0/bsp/include' '-v' '-o' 'CMakeFiles/cmTC_3a477.dir/CMakeCCompilerABI.c.obj' '-c' '-marm' '-mlibarch=armv7-r+fp+idiv' '-march=armv7-r+fp+idiv' '-dumpdir' 'CMakeFiles/cmTC_3a477.dir/CMakeCCompilerABI.c.'
[2/2] Linking C executable cmTC_3a477
Using built-in specs.
Reading specs from /home/wstanislaus/git/Demo2/platform/psu_cortexr5_0/freertos_psu_cortexr5_0/bsp/Xilinx.spec
COLLECT_GCC=/tools/Xilinx/2025.2/Vitis/gnu/armr5/lin/gcc-arm-none-eabi/bin/../x86_64-oesdk-linux/usr/bin/arm-xilinx-eabi/arm-xilinx-eabi-gcc.real
COLLECT_LTO_WRAPPER=/tools/Xilinx/2025.2/gnu/armr5/lin/gcc-arm-none-eabi/x86_64-oesdk-linux/usr/bin/arm-xilinx-eabi/../../libexec/arm-xilinx-eabi/gcc/arm-xilinx-eabi/13.3.0/lto-wrapper
Target: arm-xilinx-eabi
Configured with: ../../../../../../work-shared/gcc-13.3.0-r0/gcc-13.3.0/configure --build=x86_64-linux --host=x86_64-oesdk-linux --target=arm-xilinx-eabi --prefix=/usr/local/oe-sdk-hardcoded-buildpath/sysroots/x86_64-oesdk-linux/usr --exec_prefix=/usr/local/oe-sdk-hardcoded-buildpath/sysroots/x86_64-oesdk-linux/usr --bindir=/usr/local/oe-sdk-hardcoded-buildpath/sysroots/x86_64-oesdk-linux/usr/bin/arm-xilinx-eabi --sbindir=/usr/local/oe-sdk-hardcoded-buildpath/sysroots/x86_64-oesdk-linux/usr/bin/arm-xilinx-eabi --libexecdir=/usr/local/oe-sdk-hardcoded-buildpath/sysroots/x86_64-oesdk-linux/usr/libexec/arm-xilinx-eabi --datadir=/usr/local/oe-sdk-hardcoded-buildpath/sysroots/x86_64-oesdk-linux/usr/share --sysconfdir=/usr/local/oe-sdk-hardcoded-buildpath/sysroots/x86_64-oesdk-linux/etc --sharedstatedir=/usr/local/oe-sdk-hardcoded-buildpath/sysroots/x86_64-oesdk-linux/com --localstatedir=/usr/local/oe-sdk-hardcoded-buildpath/sysroots/x86_64-oesdk-linux/var --libdir=/usr/local/oe-sdk-hardcoded-buildpath/sysroots/x86_64-oesdk-linux/usr/lib/arm-xilinx-eabi --includedir=/usr/local/oe-sdk-hardcoded-buildpath/sysroots/x86_64-oesdk-linux/usr/include --oldincludedir=/usr/local/oe-sdk-hardcoded-buildpath/sysroots/x86_64-oesdk-linux/usr/include --infodir=/usr/local/oe-sdk-hardcoded-buildpath/sysroots/x86_64-oesdk-linux/usr/share/info --mandir=/usr/local/oe-sdk-hardcoded-buildpath/sysroots/x86_64-oesdk-linux/usr/share/man --disable-silent-rules --disable-dependency-tracking --with-libtool-sysroot=/host --with-gnu-ld --enable-shared --enable-languages=c,c++,fortran --enable-threads=posix --enable-multilib --enable-c99 --enable-long-long --enable-libstdcxx-pch --program-prefix=arm-xilinx-eabi- --without-local-prefix --disable-install-libiberty --disable-libssp --enable-libitm --enable-lto --disable-bootstrap --with-system-zlib --enable-linker-build-id --with-ppl=no --with-cloog=no --enable-checking=release --enable-cheaders=c_global --without-isl --with-gxx-include-dir=/not/exist/usr/include/c++/13.3.0 --with-build-time-tools=/host-native/usr/arm-xilinx-eabi/bin --with-sysroot=/not/exist --with-build-sysroot=/host --with-plugin-ld=ld --enable-poison-system-directories --disable-static --enable-nls --with-glibc-version=2.28 --enable-initfini-array --with-multilib-list=rmprofile --enable-multilib --disable-libstdcxx-pch --with-newlib --disable-threads --enable-plugins --with-gnu-as --disable-libitm --disable-tm-clone-registry --disable-tls --disable-decimal-float --with-sysroot=/not/exist
Thread model: single
Supported LTO compression algorithms: zlib zstd
gcc version 13.3.0 (GCC) 
COMPILER_PATH=/tools/Xilinx/2025.2/gnu/armr5/lin/gcc-arm-none-eabi/x86_64-oesdk-linux/usr/bin/arm-xilinx-eabi/../../libexec/arm-xilinx-eabi/gcc/arm-xilinx-eabi/13.3.0/:/tools/Xilinx/2025.2/gnu/armr5/lin/gcc-arm-none-eabi/x86_64-oesdk-linux/usr/bin/arm-xilinx-eabi/../../libexec/arm-xilinx-eabi/gcc/
LIBRARY_PATH=/tools/Xilinx/2025.2/Vitis/gnu/armr5/lin/gcc-arm-none-eabi/bin/../armrm-xilinx-eabi/usr/lib/thumb/v7+fp/hard/:/tools/Xilinx/2025.2/gnu/armr5/lin/gcc-arm-none-eabi/x86_64-oesdk-linux/usr/bin/arm-xilinx-eabi/../../lib/arm-xilinx-eabi/gcc/arm-xilinx-eabi/13.3.0/:/tools/Xilinx/2025.2/gnu/armr5/lin/gcc-arm-none-eabi/x86_64-oesdk-linux/usr/bin/arm-xilinx-eabi/../../lib/arm-xilinx-eabi/gcc/:/tools/Xilinx/2025.2/Vitis/gnu/armr5/lin/gcc-arm-none-eabi/bin/../armrm-xilinx-eabi/usr/lib/arm-xilinx-eabi/13.3.0/:/tools/Xilinx/2025.2/Vitis/gnu/armr5/lin/gcc-arm-none-eabi/bin/../armrm-xilinx-eabi/usr/lib/
COLLECT_GCC_OPTIONS='--sysroot=/tools/Xilinx/2025.2/Vitis/gnu/armr5/lin/gcc-arm-none-eabi/bin/../armrm-xilinx-eabi' '-D' 'SDT' '-mcpu=cortex-r5' '-mfloat-abi=hard' '-mfpu=vfpv3-d16' '-D' 'ARMR5' '-MMD' '-MP' '-specs=/home/wstanislaus/git/Demo2/platform/psu_cortexr5_0/freertos_psu_cortexr5_0/bsp/Xilinx.spec' '-I' '/home/wstanislaus/git/Demo2/platform/psu_cortexr5_0/freertos_psu_cortexr5_0/bsp/include' '-v' '-o' 'cmTC_3a477' '-marm' '-mlibarch=armv7-r+fp+idiv' '-march=armv7-r+fp+idiv' '-dumpdir' 'cmTC_3a477.'
 /tools/Xilinx/2025.2/gnu/armr5/lin/gcc-arm-none-eabi/x86_64-oesdk-linux/usr/bin/arm-xilinx-eabi/../../libexec/arm-xilinx-eabi/gcc/arm-xilinx-eabi/13.3.0/collect2 -plugin /tools/Xilinx/2025.2/gnu/armr5/lin/gcc-arm-none-eabi/x86_64-oesdk-linux/usr/bin/arm-xilinx-eabi/../../libexec/arm-xilinx-eabi/gcc/arm-xilinx-eabi/13.3.0/liblto_plugin.so -plugin-opt=/tools/Xilinx/2025.2/gnu/armr5/lin/gcc-arm-none-eabi/x86_64-oesdk-linux/usr/bin/arm-xilinx-eabi/../../libexec/arm-xilinx-eabi/gcc/arm-xilinx-eabi/13.3.0/lto-wrapper -plugin-opt=-fresolution=/tmp/cccyZYm5.res -plugin-opt=-pass-through=-lgcc -plugin-opt=-pass-through=-lc --sysroot=/tools/Xilinx/2025.2/Vitis/gnu/armr5/lin/gcc-arm-none-eabi/bin/../armrm-xilinx-eabi --build-id -X -o cmTC_3a477 /tools/Xilinx/2025.2/Vitis/gnu/armr5/lin/gcc-arm-none-eabi/bin/../armrm-xilinx-eabi/usr/lib/thumb/v7+fp/hard/crti.o /tools/Xilinx/2025.2/Vitis/gnu/armr5/lin/gcc-arm-none-eabi/bin/../armrm-xilinx-eabi/usr/lib/thumb/v7+fp/hard/crtbegin.o -L/tools/Xilinx/2025.2/Vitis/gnu/armr5/lin/gcc-arm-none-eabi/bin/../armrm-xilinx-eabi/usr/lib/thumb/v7+fp/hard -L/tools/Xilinx/2025.2/gnu/armr5/lin/gcc-arm-none-eabi/x86_64-oesdk-linux/usr/bin/arm-xilinx-eabi/../../lib/arm-xilinx-eabi/gcc/arm-xilinx-eabi/13.3.0 -L/tools/Xilinx/2025.2/gnu/armr5/lin/gcc-arm-none-eabi/x86_64-oesdk-linux/usr/bin/arm-xilinx-eabi/../../lib/arm-xilinx-eabi/gcc -L/tools/Xilinx/2025.2/Vitis/gnu/armr5/lin/gcc-arm-none-eabi/bin/../armrm-xilinx-eabi/usr/lib/arm-xilinx-eabi/13.3.0 -L/tools/Xilinx/2025.2/Vitis/gnu/armr5/lin/gcc-arm-none-eabi/bin/../armrm-xilinx-eabi/usr/lib --no-warn-rwx-segment CMakeFiles/cmTC_3a477.dir/CMakeCCompilerABI.c.obj --start-group -lgcc -lc --end-group /tools/Xilinx/2025.2/Vitis/gnu/armr5/lin/gcc-arm-none-eabi/bin/../armrm-xilinx-eabi/usr/lib/thumb/v7+fp/hard/crtend.o /tools/Xilinx/2025.2/Vitis/gnu/armr5/lin/gcc-arm-none-eabi/bin/../armrm-xilinx-eabi/usr/lib/thumb/v7+fp/hard/crtn.o
/tools/Xilinx/2025.2/gnu/armr5/lin/gcc-arm-none-eabi/x86_64-oesdk-linux/usr/bin/arm-xilinx-eabi/arm-xilinx-eabi-ld.real: warning: cannot find entry symbol _start; defaulting to 00008030
COLLECT_GCC_OPTIONS='--sysroot=/tools/Xilinx/2025.2/Vitis/gnu/armr5/lin/gcc-arm-none-eabi/bin/../armrm-xilinx-eabi' '-D' 'SDT' '-mcpu=cortex-r5' '-mfloat-abi=hard' '-mfpu=vfpv3-d16' '-D' 'ARMR5' '-MMD' '-MP' '-specs=/home/wstanislaus/git/Demo2/platform/psu_cortexr5_0/freertos_psu_cortexr5_0/bsp/Xilinx.spec' '-I' '/home/wstanislaus/git/Demo2/platform/psu_cortexr5_0/freertos_psu_cortexr5_0/bsp/include' '-v' '-o' 'cmTC_3a477' '-marm' '-mlibarch=armv7-r+fp+idiv' '-march=armv7-r+fp+idiv' '-dumpdir' 'cmTC_3a477.'



Parsed C implicit include dir info from above output: rv=done
  found start of include info
  found start of implicit include info
    add: [/home/wstanislaus/git/Demo2/platform/psu_cortexr5_0/freertos_psu_cortexr5_0/bsp/include]
    add: [/tools/Xilinx/2025.2/gnu/armr5/lin/gcc-arm-none-eabi/x86_64-oesdk-linux/usr/bin/arm-xilinx-eabi/../../lib/arm-xilinx-eabi/gcc/arm-xilinx-eabi/13.3.0/include]
    add: [/tools/Xilinx/2025.2/gnu/armr5/lin/gcc-arm-none-eabi/x86_64-oesdk-linux/usr/bin/arm-xilinx-eabi/../../lib/arm-xilinx-eabi/gcc/arm-xilinx-eabi/13.3.0/include-fixed]
    add: [/tools/Xilinx/2025.2/Vitis/gnu/armr5/lin/gcc-arm-none-eabi/bin/../armrm-xilinx-eabi/usr/include/]
  end of search list found
  collapse include dir [/home/wstanislaus/git/Demo2/platform/psu_cortexr5_0/freertos_psu_cortexr5_0/bsp/include] ==> [/home/wstanislaus/git/Demo2/platform/psu_cortexr5_0/freertos_psu_cortexr5_0/bsp/include]
  collapse include dir [/tools/Xilinx/2025.2/gnu/armr5/lin/gcc-arm-none-eabi/x86_64-oesdk-linux/usr/bin/arm-xilinx-eabi/../../lib/arm-xilinx-eabi/gcc/arm-xilinx-eabi/13.3.0/include] ==> [/tools/Xilinx/2025.2/gnu/armr5/lin/gcc-arm-none-eabi/x86_64-oesdk-linux/usr/lib/arm-xilinx-eabi/gcc/arm-xilinx-eabi/13.3.0/include]
  collapse include dir [/tools/Xilinx/2025.2/gnu/armr5/lin/gcc-arm-none-eabi/x86_64-oesdk-linux/usr/bin/arm-xilinx-eabi/../../lib/arm-xilinx-eabi/gcc/arm-xilinx-eabi/13.3.0/include-fixed] ==> [/tools/Xilinx/2025.2/gnu/armr5/lin/gcc-arm-none-eabi/x86_64-oesdk-linux/usr/lib/arm-xilinx-eabi/gcc/arm-xilinx-eabi/13.3.0/include-fixed]
  collapse include dir [/tools/Xilinx/2025.2/Vitis/gnu/armr5/lin/gcc-arm-none-eabi/bin/../armrm-xilinx-eabi/usr/include/] ==> [/tools/Xilinx/2025.2/Vitis/gnu/armr5/lin/gcc-arm-none-eabi/armrm-xilinx-eabi/usr/include]
  implicit include dirs: [/home/wstanislaus/git/Demo2/platform/psu_cortexr5_0/freertos_psu_cortexr5_0/bsp/include;/tools/Xilinx/2025.2/gnu/armr5/lin/gcc-arm-none-eabi/x86_64-oesdk-linux/usr/lib/arm-xilinx-eabi/gcc/arm-xilinx-eabi/13.3.0/include;/tools/Xilinx/2025.2/gnu/armr5/lin/gcc-arm-none-eabi/x86_64-oesdk-linux/usr/lib/arm-xilinx-eabi/gcc/arm-xilinx-eabi/13.3.0/include-fixed;/tools/Xilinx/2025.2/Vitis/gnu/armr5/lin/gcc-arm-none-eabi/armrm-xilinx-eabi/usr/include]


Parsed C implicit link information from above output:
  link line regex: [^( *|.*[/\])(armr5-none-eabi-ld|CMAKE_LINK_STARTFILE-NOTFOUND|([^/\]+-)?ld|collect2)[^/\]*( |$)]
  ignore line: [Change Dir: /home/wstanislaus/git/Demo2/platform/psu_cortexr5_0/freertos_psu_cortexr5_0/bsp/libsrc/build_configs/exmetadata/CMakeFiles/CMakeTmp]
  ignore line: []
  ignore line: [Run Build Command(s):/tools/Xilinx/2025.2/Vitis/bin/ninja cmTC_3a477 && [1/2] Building C object CMakeFiles/cmTC_3a477.dir/CMakeCCompilerABI.c.obj]
  ignore line: [Using built-in specs.]
  ignore line: [Reading specs from /home/wstanislaus/git/Demo2/platform/psu_cortexr5_0/freertos_psu_cortexr5_0/bsp/Xilinx.spec]
  ignore line: [COLLECT_GCC=/tools/Xilinx/2025.2/Vitis/gnu/armr5/lin/gcc-arm-none-eabi/bin/../x86_64-oesdk-linux/usr/bin/arm-xilinx-eabi/arm-xilinx-eabi-gcc.real]
  ignore line: [Target: arm-xilinx-eabi]
  ignore line: [Configured with: ../../../../../../work-shared/gcc-13.3.0-r0/gcc-13.3.0/configure --build=x86_64-linux --host=x86_64-oesdk-linux --target=arm-xilinx-eabi --prefix=/usr/local/oe-sdk-hardcoded-buildpath/sysroots/x86_64-oesdk-linux/usr --exec_prefix=/usr/local/oe-sdk-hardcoded-buildpath/sysroots/x86_64-oesdk-linux/usr --bindir=/usr/local/oe-sdk-hardcoded-buildpath/sysroots/x86_64-oesdk-linux/usr/bin/arm-xilinx-eabi --sbindir=/usr/local/oe-sdk-hardcoded-buildpath/sysroots/x86_64-oesdk-linux/usr/bin/arm-xilinx-eabi --libexecdir=/usr/local/oe-sdk-hardcoded-buildpath/sysroots/x86_64-oesdk-linux/usr/libexec/arm-xilinx-eabi --datadir=/usr/local/oe-sdk-hardcoded-buildpath/sysroots/x86_64-oesdk-linux/usr/share --sysconfdir=/usr/local/oe-sdk-hardcoded-buildpath/sysroots/x86_64-oesdk-linux/etc --sharedstatedir=/usr/local/oe-sdk-hardcoded-buildpath/sysroots/x86_64-oesdk-linux/com --localstatedir=/usr/local/oe-sdk-hardcoded-buildpath/sysroots/x86_64-oesdk-linux/var --libdir=/usr/local/oe-sdk-hardcoded-buildpath/sysroots/x86_64-oesdk-linux/usr/lib/arm-xilinx-eabi --includedir=/usr/local/oe-sdk-hardcoded-buildpath/sysroots/x86_64-oesdk-linux/usr/include --oldincludedir=/usr/local/oe-sdk-hardcoded-buildpath/sysroots/x86_64-oesdk-linux/usr/include --infodir=/usr/local/oe-sdk-hardcoded-buildpath/sysroots/x86_64-oesdk-linux/usr/share/info --mandir=/usr/local/oe-sdk-hardcoded-buildpath/sysroots/x86_64-oesdk-linux/usr/share/man --disable-silent-rules --disable-dependency-tracking --with-libtool-sysroot=/host --with-gnu-ld --enable-shared --enable-languages=c,c++,fortran --enable-threads=posix --enable-multilib --enable-c99 --enable-long-long --enable-libstdcxx-pch --program-prefix=arm-xilinx-eabi- --without-local-prefix --disable-install-libiberty --disable-libssp --enable-libitm --enable-lto --disable-bootstrap --with-system-zlib --enable-linker-build-id --with-ppl=no --with-cloog=no --enable-checking=release --enable-cheaders=c_global --without-isl --with-gxx-include-dir=/not/exist/usr/include/c++/13.3.0 --with-build-time-tools=/host-native/usr/arm-xilinx-eabi/bin --with-sysroot=/not/exist --with-build-sysroot=/host --with-plugin-ld=ld --enable-poison-system-directories --disable-static --enable-nls --with-glibc-version=2.28 --enable-initfini-array --with-multilib-list=rmprofile --enable-multilib --disable-libstdcxx-pch --with-newlib --disable-threads --enable-plugins --with-gnu-as --disable-libitm --disable-tm-clone-registry --disable-tls --disable-decimal-float --with-sysroot=/not/exist]
  ignore line: [Thread model: single]
  ignore line: [Supported LTO compression algorithms: zlib zstd]
  ignore line: [gcc version 13.3.0 (GCC) ]
  ignore line: [COLLECT_GCC_OPTIONS='--sysroot=/tools/Xilinx/2025.2/Vitis/gnu/armr5/lin/gcc-arm-none-eabi/bin/../armrm-xilinx-eabi' '-D' 'FREERTOS_BSP' '-D' 'SDT' '-mcpu=cortex-r5' '-mfloat-abi=hard' '-mfpu=vfpv3-d16' '-D' 'ARMR5' '-MMD' '-MP' '-specs=/home/wstanislaus/git/Demo2/platform/psu_cortexr5_0/freertos_psu_cortexr5_0/bsp/Xilinx.spec' '-I' '/home/wstanislaus/git/Demo2/platform/psu_cortexr5_0/freertos_psu_cortexr5_0/bsp/include' '-v' '-o' 'CMakeFiles/cmTC_3a477.dir/CMakeCCompilerABI.c.obj' '-c' '-marm' '-mlibarch=armv7-r+fp+idiv' '-march=armv7-r+fp+idiv' '-dumpdir' 'CMakeFiles/cmTC_3a477.dir/']
  ignore line: [ /tools/Xilinx/2025.2/gnu/armr5/lin/gcc-arm-none-eabi/x86_64-oesdk-linux/usr/bin/arm-xilinx-eabi/../../libexec/arm-xilinx-eabi/gcc/arm-xilinx-eabi/13.3.0/cc1 -quiet -v -I /home/wstanislaus/git/Demo2/platform/psu_cortexr5_0/freertos_psu_cortexr5_0/bsp/include -imultilib thumb/v7+fp/hard -iprefix /tools/Xilinx/2025.2/gnu/armr5/lin/gcc-arm-none-eabi/x86_64-oesdk-linux/usr/bin/arm-xilinx-eabi/../../lib/arm-xilinx-eabi/gcc/arm-xilinx-eabi/13.3.0/ -isysroot /tools/Xilinx/2025.2/Vitis/gnu/armr5/lin/gcc-arm-none-eabi/bin/../armrm-xilinx-eabi -MMD CMakeFiles/cmTC_3a477.dir/CMakeCCompilerABI.c.d -MP -MQ CMakeFiles/cmTC_3a477.dir/CMakeCCompilerABI.c.obj -D__USES_INITFINI__ -D FREERTOS_BSP -D SDT -D ARMR5 /tools/Xilinx/2025.2/tps/lnx64/cmake-3.24.2/share/cmake-3.24/Modules/CMakeCCompilerABI.c -quiet -dumpdir CMakeFiles/cmTC_3a477.dir/ -dumpbase CMakeCCompilerABI.c.c -dumpbase-ext .c -mcpu=cortex-r5 -mfloat-abi=hard -mfpu=vfpv3-d16 -marm -mlibarch=armv7-r+fp+idiv -march=armv7-r+fp+idiv -version -o /tmp/cceN8Rx6.s]
  ignore line: [GNU C17 (GCC) version 13.3.0 (arm-xilinx-eabi)]
  ignore line: [	compiled by GNU C version 13.3.0  GMP version 6.3.0  MPFR version 4.2.1  MPC version 1.3.1  isl version none]
  ignore line: [GGC heuristics: --param ggc-min-expand=100 --param ggc-min-heapsize=131072]
  ignore line: [ignoring nonexistent directory "/tools/Xilinx/2025.2/gnu/armr5/lin/gcc-arm-none-eabi/x86_64-oesdk-linux/usr/bin/arm-xilinx-eabi/../../lib/arm-xilinx-eabi/gcc/arm-xilinx-eabi/13.3.0/../../../../../arm-xilinx-eabi/include"]
  ignore line: [ignoring duplicate directory "/tools/Xilinx/2025.2/gnu/armr5/lin/gcc-arm-none-eabi/x86_64-oesdk-linux/usr/bin/arm-xilinx-eabi/../../lib/arm-xilinx-eabi/gcc/../../../lib/arm-xilinx-eabi/gcc/arm-xilinx-eabi/13.3.0/include"]
  ignore line: [ignoring nonexistent directory "/tools/Xilinx/2025.2/Vitis/gnu/armr5/lin/gcc-arm-none-eabi/bin/../armrm-xilinx-eabi/usr/lib/arm-xilinx-eabi/13.3.0/include"]
  ignore line: [ignoring nonexistent directory "/tools/Xilinx/2025.2/Vitis/gnu/armr5/lin/gcc-arm-none-eabi/bin/../armrm-xilinx-eabi/usr/local/include"]
  ignore line: [ignoring duplicate directory "/tools/Xilinx/2025.2/gnu/armr5/lin/gcc-arm-none-eabi/x86_64-oesdk-linux/usr/bin/arm-xilinx-eabi/../../lib/arm-xilinx-eabi/gcc/../../../lib/arm-xilinx-eabi/gcc/arm-xilinx-eabi/13.3.0/include-fixed"]
  ignore line: [ignoring nonexistent directory "/tools/Xilinx/2025.2/gnu/armr5/lin/gcc-arm-none-eabi/x86_64-oesdk-linux/usr/bin/arm-xilinx-eabi/../../lib/arm-xilinx-eabi/gcc/../../../lib/arm-xilinx-eabi/gcc/arm-xilinx-eabi/13.3.0/../../../../../arm-xilinx-eabi/include"]
  ignore line: [#include "..." search starts here:]
  ignore line: [#include <...> search starts here:]
  ignore line: [ /home/wstanislaus/git/Demo2/platform/psu_cortexr5_0/freertos_psu_cortexr5_0/bsp/include]
  ignore line: [ /tools/Xilinx/2025.2/gnu/armr5/lin/gcc-arm-none-eabi/x86_64-oesdk-linux/usr/bin/arm-xilinx-eabi/../../lib/arm-xilinx-eabi/gcc/arm-xilinx-eabi/13.3.0/include]
  ignore line: [ /tools/Xilinx/2025.2/gnu/armr5/lin/gcc-arm-none-eabi/x86_64-oesdk-linux/usr/bin/arm-xilinx-eabi/../../lib/arm-xilinx-eabi/gcc/arm-xilinx-eabi/13.3.0/include-fixed]
  ignore line: [ /tools/Xilinx/2025.2/Vitis/gnu/armr5/lin/gcc-arm-none-eabi/bin/../armrm-xilinx-eabi/usr/include/]
  ignore line: [End of search list.]
  ignore line: [Compiler executable checksum: e8754903266a6e178dd5a2900f8d5022]
  ignore line: [COLLECT_GCC_OPTIONS='--sysroot=/tools/Xilinx/2025.2/Vitis/gnu/armr5/lin/gcc-arm-none-eabi/bin/../armrm-xilinx-eabi' '-D' 'FREERTOS_BSP' '-D' 'SDT' '-mcpu=cortex-r5' '-mfloat-abi=hard' '-mfpu=vfpv3-d16' '-D' 'ARMR5' '-MMD' '-MP' '-specs=/home/wstanislaus/git/Demo2/platform/psu_cortexr5_0/freertos_psu_cortexr5_0/bsp/Xilinx.spec' '-I' '/home/wstanislaus/git/Demo2/platform/psu_cortexr5_0/freertos_psu_cortexr5_0/bsp/include' '-v' '-o' 'CMakeFiles/cmTC_3a477.dir/CMakeCCompilerABI.c.obj' '-c' '-marm' '-mlibarch=armv7-r+fp+idiv' '-march=armv7-r+fp+idiv' '-dumpdir' 'CMakeFiles/cmTC_3a477.dir/']
  ignore line: [ /tools/Xilinx/2025.2/gnu/armr5/lin/gcc-arm-none-eabi/x86_64-oesdk-linux/usr/bin/arm-xilinx-eabi/../../libexec/arm-xilinx-eabi/gcc/arm-xilinx-eabi/13.3.0/as -v -I /home/wstanislaus/git/Demo2/platform/psu_cortexr5_0/freertos_psu_cortexr5_0/bsp/include -march=armv7-r+fp+idiv -mfloat-abi=hard -mfpu=vfpv3-d16 -meabi=5 -o CMakeFiles/cmTC_3a477.dir/CMakeCCompilerABI.c.obj /tmp/cceN8Rx6.s]
  ignore line: [GNU assembler version 2.42.0 (arm-xilinx-eabi) using BFD version (GNU Binutils) 2.42.0.20240723]
  ignore line: [COMPILER_PATH=/tools/Xilinx/2025.2/gnu/armr5/lin/gcc-arm-none-eabi/x86_64-oesdk-linux/usr/bin/arm-xilinx-eabi/../../libexec/arm-xilinx-eabi/gcc/arm-xilinx-eabi/13.3.0/:/tools/Xilinx/2025.2/gnu/armr5/lin/gcc-arm-none-eabi/x86_64-oesdk-linux/usr/bin/arm-xilinx-eabi/../../libexec/arm-xilinx-eabi/gcc/]
  ignore line: [LIBRARY_PATH=/tools/Xilinx/2025.2/Vitis/gnu/armr5/lin/gcc-arm-none-eabi/bin/../armrm-xilinx-eabi/usr/lib/thumb/v7+fp/hard/:/tools/Xilinx/2025.2/gnu/armr5/lin/gcc-arm-none-eabi/x86_64-oesdk-linux/usr/bin/arm-xilinx-eabi/../../lib/arm-xilinx-eabi/gcc/arm-xilinx-eabi/13.3.0/:/tools/Xilinx/2025.2/gnu/armr5/lin/gcc-arm-none-eabi/x86_64-oesdk-linux/usr/bin/arm-xilinx-eabi/../../lib/arm-xilinx-eabi/gcc/:/tools/Xilinx/2025.2/Vitis/gnu/armr5/lin/gcc-arm-none-eabi/bin/../armrm-xilinx-eabi/usr/lib/arm-xilinx-eabi/13.3.0/:/tools/Xilinx/2025.2/Vitis/gnu/armr5/lin/gcc-arm-none-eabi/bin/../armrm-xilinx-eabi/usr/lib/]
  ignore line: [COLLECT_GCC_OPTIONS='--sysroot=/tools/Xilinx/2025.2/Vitis/gnu/armr5/lin/gcc-arm-none-eabi/bin/../armrm-xilinx-eabi' '-D' 'FREERTOS_BSP' '-D' 'SDT' '-mcpu=cortex-r5' '-mfloat-abi=hard' '-mfpu=vfpv3-d16' '-D' 'ARMR5' '-MMD' '-MP' '-specs=/home/wstanislaus/git/Demo2/platform/psu_cortexr5_0/freertos_psu_cortexr5_0/bsp/Xilinx.spec' '-I' '/home/wstanislaus/git/Demo2/platform/psu_cortexr5_0/freertos_psu_cortexr5_0/bsp/include' '-v' '-o' 'CMakeFiles/cmTC_3a477.dir/CMakeCCompilerABI.c.obj' '-c' '-marm' '-mlibarch=armv7-r+fp+idiv' '-march=armv7-r+fp+idiv' '-dumpdir' 'CMakeFiles/cmTC_3a477.dir/CMakeCCompilerABI.c.']
  ignore line: [[2/2] Linking C executable cmTC_3a477]
  ignore line: [Using built-in specs.]
  ignore line: [Reading specs from /home/wstanislaus/git/Demo2/platform/psu_cortexr5_0/freertos_psu_cortexr5_0/bsp/Xilinx.spec]
  ignore line: [COLLECT_GCC=/tools/Xilinx/2025.2/Vitis/gnu/armr5/lin/gcc-arm-none-eabi/bin/../x86_64-oesdk-linux/usr/bin/arm-xilinx-eabi/arm-xilinx-eabi-gcc.real]
  ignore line: [COLLECT_LTO_WRAPPER=/tools/Xilinx/2025.2/gnu/armr5/lin/gcc-arm-none-eabi/x86_64-oesdk-linux/usr/bin/arm-xilinx-eabi/../../libexec/arm-xilinx-eabi/gcc/arm-xilinx-eabi/13.3.0/lto-wrapper]
  ignore line: [Target: arm-xilinx-eabi]
  ignore line: [Configured with: ../../../../../../work-shared/gcc-13.3.0-r0/gcc-13.3.0/configure --build=x86_64-linux --host=x86_64-oesdk-linux --target=arm-xilinx-eabi --prefix=/usr/local/oe-sdk-hardcoded-buildpath/sysroots/x86_64-oesdk-linux/usr --exec_prefix=/usr/local/oe-sdk-hardcoded-buildpath/sysroots/x86_64-oesdk-linux/usr --bindir=/usr/local/oe-sdk-hardcoded-buildpath/sysroots/x86_64-oesdk-linux/usr/bin/arm-xilinx-eabi --sbindir=/usr/local/oe-sdk-hardcoded-buildpath/sysroots/x86_64-oesdk-linux/usr/bin/arm-xilinx-eabi --libexecdir=/usr/local/oe-sdk-hardcoded-buildpath/sysroots/x86_64-oesdk-linux/usr/libexec/arm-xilinx-eabi --datadir=/usr/local/oe-sdk-hardcoded-buildpath/sysroots/x86_64-oesdk-linux/usr/share --sysconfdir=/usr/local/oe-sdk-hardcoded-buildpath/sysroots/x86_64-oesdk-linux/etc --sharedstatedir=/usr/local/oe-sdk-hardcoded-buildpath/sysroots/x86_64-oesdk-linux/com --localstatedir=/usr/local/oe-sdk-hardcoded-buildpath/sysroots/x86_64-oesdk-linux/var --libdir=/usr/local/oe-sdk-hardcoded-buildpath/sysroots/x86_64-oesdk-linux/usr/lib/arm-xilinx-eabi --includedir=/usr/local/oe-sdk-hardcoded-buildpath/sysroots/x86_64-oesdk-linux/usr/include --oldincludedir=/usr/local/oe-sdk-hardcoded-buildpath/sysroots/x86_64-oesdk-linux/usr/include --infodir=/usr/local/oe-sdk-hardcoded-buildpath/sysroots/x86_64-oesdk-linux/usr/share/info --mandir=/usr/local/oe-sdk-hardcoded-buildpath/sysroots/x86_64-oesdk-linux/usr/share/man --disable-silent-rules --disable-dependency-tracking --with-libtool-sysroot=/host --with-gnu-ld --enable-shared --enable-languages=c,c++,fortran --enable-threads=posix --enable-multilib --enable-c99 --enable-long-long --enable-libstdcxx-pch --program-prefix=arm-xilinx-eabi- --without-local-prefix --disable-install-libiberty --disable-libssp --enable-libitm --enable-lto --disable-bootstrap --with-system-zlib --enable-linker-build-id --with-ppl=no --with-cloog=no --enable-checking=release --enable-cheaders=c_global --without-isl --with-gxx-include-dir=/not/exist/usr/include/c++/13.3.0 --with-build-time-tools=/host-native/usr/arm-xilinx-eabi/bin --with-sysroot=/not/exist --with-build-sysroot=/host --with-plugin-ld=ld --enable-poison-system-directories --disable-static --enable-nls --with-glibc-version=2.28 --enable-initfini-array --with-multilib-list=rmprofile --enable-multilib --disable-libstdcxx-pch --with-newlib --disable-threads --enable-plugins --with-gnu-as --disable-libitm --disable-tm-clone-registry --disable-tls --disable-decimal-float --with-sysroot=/not/exist]
  ignore line: [Thread model: single]
  ignore line: [Supported LTO compression algorithms: zlib zstd]
  ignore line: [gcc version 13.3.0 (GCC) ]
  ignore line: [COMPILER_PATH=/tools/Xilinx/2025.2/gnu/armr5/lin/gcc-arm-none-eabi/x86_64-oesdk-linux/usr/bin/arm-xilinx-eabi/../../libexec/arm-xilinx-eabi/gcc/arm-xilinx-eabi/13.3.0/:/tools/Xilinx/2025.2/gnu/armr5/lin/gcc-arm-none-eabi/x86_64-oesdk-linux/usr/bin/arm-xilinx-eabi/../../libexec/arm-xilinx-eabi/gcc/]
  ignore line: [LIBRARY_PATH=/tools/Xilinx/2025.2/Vitis/gnu/armr5/lin/gcc-arm-none-eabi/bin/../armrm-xilinx-eabi/usr/lib/thumb/v7+fp/hard/:/tools/Xilinx/2025.2/gnu/armr5/lin/gcc-arm-none-eabi/x86_64-oesdk-linux/usr/bin/arm-xilinx-eabi/../../lib/arm-xilinx-eabi/gcc/arm-xilinx-eabi/13.3.0/:/tools/Xilinx/2025.2/gnu/armr5/lin/gcc-arm-none-eabi/x86_64-oesdk-linux/usr/bin/arm-xilinx-eabi/../../lib/arm-xilinx-eabi/gcc/:/tools/Xilinx/2025.2/Vitis/gnu/armr5/lin/gcc-arm-none-eabi/bin/../armrm-xilinx-eabi/usr/lib/arm-xilinx-eabi/13.3.0/:/tools/Xilinx/2025.2/Vitis/gnu/armr5/lin/gcc-arm-none-eabi/bin/../armrm-xilinx-eabi/usr/lib/]
  ignore line: [COLLECT_GCC_OPTIONS='--sysroot=/tools/Xilinx/2025.2/Vitis/gnu/armr5/lin/gcc-arm-none-eabi/bin/../armrm-xilinx-eabi' '-D' 'SDT' '-mcpu=cortex-r5' '-mfloat-abi=hard' '-mfpu=vfpv3-d16' '-D' 'ARMR5' '-MMD' '-MP' '-specs=/home/wstanislaus/git/Demo2/platform/psu_cortexr5_0/freertos_psu_cortexr5_0/bsp/Xilinx.spec' '-I' '/home/wstanislaus/git/Demo2/platform/psu_cortexr5_0/freertos_psu_cortexr5_0/bsp/include' '-v' '-o' 'cmTC_3a477' '-marm' '-mlibarch=armv7-r+fp+idiv' '-march=armv7-r+fp+idiv' '-dumpdir' 'cmTC_3a477.']
  link line: [ /tools/Xilinx/2025.2/gnu/armr5/lin/gcc-arm-none-eabi/x86_64-oesdk-linux/usr/bin/arm-xilinx-eabi/../../libexec/arm-xilinx-eabi/gcc/arm-xilinx-eabi/13.3.0/collect2 -plugin /tools/Xilinx/2025.2/gnu/armr5/lin/gcc-arm-none-eabi/x86_64-oesdk-linux/usr/bin/arm-xilinx-eabi/../../libexec/arm-xilinx-eabi/gcc/arm-xilinx-eabi/13.3.0/liblto_plugin.so -plugin-opt=/tools/Xilinx/2025.2/gnu/armr5/lin/gcc-arm-none-eabi/x86_64-oesdk-linux/usr/bin/arm-xilinx-eabi/../../libexec/arm-xilinx-eabi/gcc/arm-xilinx-eabi/13.3.0/lto-wrapper -plugin-opt=-fresolution=/tmp/cccyZYm5.res -plugin-opt=-pass-through=-lgcc -plugin-opt=-pass-through=-lc --sysroot=/tools/Xilinx/2025.2/Vitis/gnu/armr5/lin/gcc-arm-none-eabi/bin/../armrm-xilinx-eabi --build-id -X -o cmTC_3a477 /tools/Xilinx/2025.2/Vitis/gnu/armr5/lin/gcc-arm-none-eabi/bin/../armrm-xilinx-eabi/usr/lib/thumb/v7+fp/hard/crti.o /tools/Xilinx/2025.2/Vitis/gnu/armr5/lin/gcc-arm-none-eabi/bin/../armrm-xilinx-eabi/usr/lib/thumb/v7+fp/hard/crtbegin.o -L/tools/Xilinx/2025.2/Vitis/gnu/armr5/lin/gcc-arm-none-eabi/bin/../armrm-xilinx-eabi/usr/lib/thumb/v7+fp/hard -L/tools/Xilinx/2025.2/gnu/armr5/lin/gcc-arm-none-eabi/x86_64-oesdk-linux/usr/bin/arm-xilinx-eabi/../../lib/arm-xilinx-eabi/gcc/arm-xilinx-eabi/13.3.0 -L/tools/Xilinx/2025.2/gnu/armr5/lin/gcc-arm-none-eabi/x86_64-oesdk-linux/usr/bin/arm-xilinx-eabi/../../lib/arm-xilinx-eabi/gcc -L/tools/Xilinx/2025.2/Vitis/gnu/armr5/lin/gcc-arm-none-eabi/bin/../armrm-xilinx-eabi/usr/lib/arm-xilinx-eabi/13.3.0 -L/tools/Xilinx/2025.2/Vitis/gnu/armr5/lin/gcc-arm-none-eabi/bin/../armrm-xilinx-eabi/usr/lib --no-warn-rwx-segment CMakeFiles/cmTC_3a477.dir/CMakeCCompilerABI.c.obj --start-group -lgcc -lc --end-group /tools/Xilinx/2025.2/Vitis/gnu/armr5/lin/gcc-arm-none-eabi/bin/../armrm-xilinx-eabi/usr/lib/thumb/v7+fp/hard/crtend.o /tools/Xilinx/2025.2/Vitis/gnu/armr5/lin/gcc-arm-none-eabi/bin/../armrm-xilinx-eabi/usr/lib/thumb/v7+fp/hard/crtn.o]
    arg [/tools/Xilinx/2025.2/gnu/armr5/lin/gcc-arm-none-eabi/x86_64-oesdk-linux/usr/bin/arm-xilinx-eabi/../../libexec/arm-xilinx-eabi/gcc/arm-xilinx-eabi/13.3.0/collect2] ==> ignore
    arg [-plugin] ==> ignore
    arg [/tools/Xilinx/2025.2/gnu/armr5/lin/gcc-arm-none-eabi/x86_64-oesdk-linux/usr/bin/arm-xilinx-eabi/../../libexec/arm-xilinx-eabi/gcc/arm-xilinx-eabi/13.3.0/liblto_plugin.so] ==> ignore
    arg [-plugin-opt=/tools/Xilinx/2025.2/gnu/armr5/lin/gcc-arm-none-eabi/x86_64-oesdk-linux/usr/bin/arm-xilinx-eabi/../../libexec/arm-xilinx-eabi/gcc/arm-xilinx-eabi/13.3.0/lto-wrapper] ==> ignore
    arg [-plugin-opt=-fresolution=/tmp/cccyZYm5.res] ==> ignore
    arg [-plugin-opt=-pass-through=-lgcc] ==> ignore
    arg [-plugin-opt=-pass-through=-lc] ==> ignore
    arg [--sysroot=/tools/Xilinx/2025.2/Vitis/gnu/armr5/lin/gcc-arm-none-eabi/bin/../armrm-xilinx-eabi] ==> ignore
    arg [--build-id] ==> ignore
    arg [-X] ==> ignore
    arg [-o] ==> ignore
    arg [cmTC_3a477] ==> ignore
    arg [/tools/Xilinx/2025.2/Vitis/gnu/armr5/lin/gcc-arm-none-eabi/bin/../armrm-xilinx-eabi/usr/lib/thumb/v7+fp/hard/crti.o] ==> obj [/tools/Xilinx/2025.2/Vitis/gnu/armr5/lin/gcc-arm-none-eabi/bin/../armrm-xilinx-eabi/usr/lib/thumb/v7+fp/hard/crti.o]
    arg [/tools/Xilinx/2025.2/Vitis/gnu/armr5/lin/gcc-arm-none-eabi/bin/../armrm-xilinx-eabi/usr/lib/thumb/v7+fp/hard/crtbegin.o] ==> obj [/tools/Xilinx/2025.2/Vitis/gnu/armr5/lin/gcc-arm-none-eabi/bin/../armrm-xilinx-eabi/usr/lib/thumb/v7+fp/hard/crtbegin.o]
    arg [-L/tools/Xilinx/2025.2/Vitis/gnu/armr5/lin/gcc-arm-none-eabi/bin/../armrm-xilinx-eabi/usr/lib/thumb/v7+fp/hard] ==> dir [/tools/Xilinx/2025.2/Vitis/gnu/armr5/lin/gcc-arm-none-eabi/bin/../armrm-xilinx-eabi/usr/lib/thumb/v7+fp/hard]
    arg [-L/tools/Xilinx/2025.2/gnu/armr5/lin/gcc-arm-none-eabi/x86_64-oesdk-linux/usr/bin/arm-xilinx-eabi/../../lib/arm-xilinx-eabi/gcc/arm-xilinx-eabi/13.3.0] ==> dir [/tools/Xilinx/2025.2/gnu/armr5/lin/gcc-arm-none-eabi/x86_64-oesdk-linux/usr/bin/arm-xilinx-eabi/../../lib/arm-xilinx-eabi/gcc/arm-xilinx-eabi/13.3.0]
    arg [-L/tools/Xilinx/2025.2/gnu/armr5/lin/gcc-arm-none-eabi/x86_64-oesdk-linux/usr/bin/arm-xilinx-eabi/../../lib/arm-xilinx-eabi/gcc] ==> dir [/tools/Xilinx/2025.2/gnu/armr5/lin/gcc-arm-none-eabi/x86_64-oesdk-linux/usr/bin/arm-xilinx-eabi/../../lib/arm-xilinx-eabi/gcc]
    arg [-L/tools/Xilinx/2025.2/Vitis/gnu/armr5/lin/gcc-arm-none-eabi/bin/../armrm-xilinx-eabi/usr/lib/arm-xilinx-eabi/13.3.0] ==> dir [/tools/Xilinx/2025.2/Vitis/gnu/armr5/lin/gcc-arm-none-eabi/bin/../armrm-xilinx-eabi/usr/lib/arm-xilinx-eabi/13.3.0]
    arg [-L/tools/Xilinx/2025.2/Vitis/gnu/armr5/lin/gcc-arm-none-eabi/bin/../armrm-xilinx-eabi/usr/lib] ==> dir [/tools/Xilinx/2025.2/Vitis/gnu/armr5/lin/gcc-arm-none-eabi/bin/../armrm-xilinx-eabi/usr/lib]
    arg [--no-warn-rwx-segment] ==> ignore
    arg [CMakeFiles/cmTC_3a477.dir/CMakeCCompilerABI.c.obj] ==> ignore
    arg [--start-group] ==> ignore
    arg [-lgcc] ==> lib [gcc]
    arg [-lc] ==> lib [c]
    arg [--end-group] ==> ignore
    arg [/tools/Xilinx/2025.2/Vitis/gnu/armr5/lin/gcc-arm-none-eabi/bin/../armrm-xilinx-eabi/usr/lib/thumb/v7+fp/hard/crtend.o] ==> obj [/tools/Xilinx/2025.2/Vitis/gnu/armr5/lin/gcc-arm-none-eabi/bin/../armrm-xilinx-eabi/usr/lib/thumb/v7+fp/hard/crtend.o]
    arg [/tools/Xilinx/2025.2/Vitis/gnu/armr5/lin/gcc-arm-none-eabi/bin/../armrm-xilinx-eabi/usr/lib/thumb/v7+fp/hard/crtn.o] ==> obj [/tools/Xilinx/2025.2/Vitis/gnu/armr5/lin/gcc-arm-none-eabi/bin/../armrm-xilinx-eabi/usr/lib/thumb/v7+fp/hard/crtn.o]
  collapse obj [/tools/Xilinx/2025.2/Vitis/gnu/armr5/lin/gcc-arm-none-eabi/bin/../armrm-xilinx-eabi/usr/lib/thumb/v7+fp/hard/crti.o] ==> [/tools/Xilinx/2025.2/Vitis/gnu/armr5/lin/gcc-arm-none-eabi/armrm-xilinx-eabi/usr/lib/thumb/v7+fp/hard/crti.o]
  collapse obj [/tools/Xilinx/2025.2/Vitis/gnu/armr5/lin/gcc-arm-none-eabi/bin/../armrm-xilinx-eabi/usr/lib/thumb/v7+fp/hard/crtbegin.o] ==> [/tools/Xilinx/2025.2/Vitis/gnu/armr5/lin/gcc-arm-none-eabi/armrm-xilinx-eabi/usr/lib/thumb/v7+fp/hard/crtbegin.o]
  collapse obj [/tools/Xilinx/2025.2/Vitis/gnu/armr5/lin/gcc-arm-none-eabi/bin/../armrm-xilinx-eabi/usr/lib/thumb/v7+fp/hard/crtend.o] ==> [/tools/Xilinx/2025.2/Vitis/gnu/armr5/lin/gcc-arm-none-eabi/armrm-xilinx-eabi/usr/lib/thumb/v7+fp/hard/crtend.o]
  collapse obj [/tools/Xilinx/2025.2/Vitis/gnu/armr5/lin/gcc-arm-none-eabi/bin/../armrm-xilinx-eabi/usr/lib/thumb/v7+fp/hard/crtn.o] ==> [/tools/Xilinx/2025.2/Vitis/gnu/armr5/lin/gcc-arm-none-eabi/armrm-xilinx-eabi/usr/lib/thumb/v7+fp/hard/crtn.o]
  collapse library dir [/tools/Xilinx/2025.2/Vitis/gnu/armr5/lin/gcc-arm-none-eabi/bin/../armrm-xilinx-eabi/usr/lib/thumb/v7+fp/hard] ==> [/tools/Xilinx/2025.2/Vitis/gnu/armr5/lin/gcc-arm-none-eabi/armrm-xilinx-eabi/usr/lib/thumb/v7+fp/hard]
  collapse library dir [/tools/Xilinx/2025.2/gnu/armr5/lin/gcc-arm-none-eabi/x86_64-oesdk-linux/usr/bin/arm-xilinx-eabi/../../lib/arm-xilinx-eabi/gcc/arm-xilinx-eabi/13.3.0] ==> [/tools/Xilinx/2025.2/gnu/armr5/lin/gcc-arm-none-eabi/x86_64-oesdk-linux/usr/lib/arm-xilinx-eabi/gcc/arm-xilinx-eabi/13.3.0]
  collapse library dir [/tools/Xilinx/2025.2/gnu/armr5/lin/gcc-arm-none-eabi/x86_64-oesdk-linux/usr/bin/arm-xilinx-eabi/../../lib/arm-xilinx-eabi/gcc] ==> [/tools/Xilinx/2025.2/gnu/armr5/lin/gcc-arm-none-eabi/x86_64-oesdk-linux/usr/lib/arm-xilinx-eabi/gcc]
  collapse library dir [/tools/Xilinx/2025.2/Vitis/gnu/armr5/lin/gcc-arm-none-eabi/bin/../armrm-xilinx-eabi/usr/lib/arm-xilinx-eabi/13.3.0] ==> [/tools/Xilinx/2025.2/Vitis/gnu/armr5/lin/gcc-arm-none-eabi/armrm-xilinx-eabi/usr/lib/arm-xilinx-eabi/13.3.0]
  collapse library dir [/tools/Xilinx/2025.2/Vitis/gnu/armr5/lin/gcc-arm-none-eabi/bin/../armrm-xilinx-eabi/usr/lib] ==> [/tools/Xilinx/2025.2/Vitis/gnu/armr5/lin/gcc-arm-none-eabi/armrm-xilinx-eabi/usr/lib]
  implicit libs: [gcc;c]
  implicit objs: [/tools/Xilinx/2025.2/Vitis/gnu/armr5/lin/gcc-arm-none-eabi/armrm-xilinx-eabi/usr/lib/thumb/v7+fp/hard/crti.o;/tools/Xilinx/2025.2/Vitis/gnu/armr5/lin/gcc-arm-none-eabi/armrm-xilinx-eabi/usr/lib/thumb/v7+fp/hard/crtbegin.o;/tools/Xilinx/2025.2/Vitis/gnu/armr5/lin/gcc-arm-none-eabi/armrm-xilinx-eabi/usr/lib/thumb/v7+fp/hard/crtend.o;/tools/Xilinx/2025.2/Vitis/gnu/armr5/lin/gcc-arm-none-eabi/armrm-xilinx-eabi/usr/lib/thumb/v7+fp/hard/crtn.o]
  implicit dirs: [/tools/Xilinx/2025.2/Vitis/gnu/armr5/lin/gcc-arm-none-eabi/armrm-xilinx-eabi/usr/lib/thumb/v7+fp/hard;/tools/Xilinx/2025.2/gnu/armr5/lin/gcc-arm-none-eabi/x86_64-oesdk-linux/usr/lib/arm-xilinx-eabi/gcc/arm-xilinx-eabi/13.3.0;/tools/Xilinx/2025.2/gnu/armr5/lin/gcc-arm-none-eabi/x86_64-oesdk-linux/usr/lib/arm-xilinx-eabi/gcc;/tools/Xilinx/2025.2/Vitis/gnu/armr5/lin/gcc-arm-none-eabi/armrm-xilinx-eabi/usr/lib/arm-xilinx-eabi/13.3.0;/tools/Xilinx/2025.2/Vitis/gnu/armr5/lin/gcc-arm-none-eabi/armrm-xilinx-eabi/usr/lib]
  implicit fwks: []


Detecting CXX compiler ABI info compiled with the following output:
Change Dir: /home/wstanislaus/git/Demo2/platform/psu_cortexr5_0/freertos_psu_cortexr5_0/bsp/libsrc/build_configs/exmetadata/CMakeFiles/CMakeTmp

Run Build Command(s):/tools/Xilinx/2025.2/Vitis/bin/ninja cmTC_c3661 && [1/2] Building CXX object CMakeFiles/cmTC_c3661.dir/CMakeCXXCompilerABI.cpp.obj
Using built-in specs.
Reading specs from /home/wstanislaus/git/Demo2/platform/psu_cortexr5_0/freertos_psu_cortexr5_0/bsp/Xilinx.spec
COLLECT_GCC=/tools/Xilinx/2025.2/Vitis/gnu/armr5/lin/gcc-arm-none-eabi/bin/../x86_64-oesdk-linux/usr/bin/arm-xilinx-eabi/arm-xilinx-eabi-g++.real
Target: arm-xilinx-eabi
Configured with: ../../../../../../work-shared/gcc-13.3.0-r0/gcc-13.3.0/configure --build=x86_64-linux --host=x86_64-oesdk-linux --target=arm-xilinx-eabi --prefix=/usr/local/oe-sdk-hardcoded-buildpath/sysroots/x86_64-oesdk-linux/usr --exec_prefix=/usr/local/oe-sdk-hardcoded-buildpath/sysroots/x86_64-oesdk-linux/usr --bindir=/usr/local/oe-sdk-hardcoded-buildpath/sysroots/x86_64-oesdk-linux/usr/bin/arm-xilinx-eabi --sbindir=/usr/local/oe-sdk-hardcoded-buildpath/sysroots/x86_64-oesdk-linux/usr/bin/arm-xilinx-eabi --libexecdir=/usr/local/oe-sdk-hardcoded-buildpath/sysroots/x86_64-oesdk-linux/usr/libexec/arm-xilinx-eabi --datadir=/usr/local/oe-sdk-hardcoded-buildpath/sysroots/x86_64-oesdk-linux/usr/share --sysconfdir=/usr/local/oe-sdk-hardcoded-buildpath/sysroots/x86_64-oesdk-linux/etc --sharedstatedir=/usr/local/oe-sdk-hardcoded-buildpath/sysroots/x86_64-oesdk-linux/com --localstatedir=/usr/local/oe-sdk-hardcoded-buildpath/sysroots/x86_64-oesdk-linux/var --libdir=/usr/local/oe-sdk-hardcoded-buildpath/sysroots/x86_64-oesdk-linux/usr/lib/arm-xilinx-eabi --includedir=/usr/local/oe-sdk-hardcoded-buildpath/sysroots/x86_64-oesdk-linux/usr/include --oldincludedir=/usr/local/oe-sdk-hardcoded-buildpath/sysroots/x86_64-oesdk-linux/usr/include --infodir=/usr/local/oe-sdk-hardcoded-buildpath/sysroots/x86_64-oesdk-linux/usr/share/info --mandir=/usr/local/oe-sdk-hardcoded-buildpath/sysroots/x86_64-oesdk-linux/usr/share/man --disable-silent-rules --disable-dependency-tracking --with-libtool-sysroot=/host --with-gnu-ld --enable-shared --enable-languages=c,c++,fortran --enable-threads=posix --enable-multilib --enable-c99 --enable-long-long --enable-libstdcxx-pch --program-prefix=arm-xilinx-eabi- --without-local-prefix --disable-install-libiberty --disable-libssp --enable-libitm --enable-lto --disable-bootstrap --with-system-zlib --enable-linker-build-id --with-ppl=no --with-cloog=no --enable-checking=release --enable-cheaders=c_global --without-isl --with-gxx-include-dir=/not/exist/usr/include/c++/13.3.0 --with-build-time-tools=/host-native/usr/arm-xilinx-eabi/bin --with-sysroot=/not/exist --with-build-sysroot=/host --with-plugin-ld=ld --enable-poison-system-directories --disable-static --enable-nls --with-glibc-version=2.28 --enable-initfini-array --with-multilib-list=rmprofile --enable-multilib --disable-libstdcxx-pch --with-newlib --disable-threads --enable-plugins --with-gnu-as --disable-libitm --disable-tm-clone-registry --disable-tls --disable-decimal-float --with-sysroot=/not/exist
Thread model: single
Supported LTO compression algorithms: zlib zstd
gcc version 13.3.0 (GCC) 
COLLECT_GCC_OPTIONS='--sysroot=/tools/Xilinx/2025.2/Vitis/gnu/armr5/lin/gcc-arm-none-eabi/bin/../armrm-xilinx-eabi' '-D' 'FREERTOS_BSP' '-D' 'SDT' '-mcpu=cortex-r5' '-mfloat-abi=hard' '-mfpu=vfpv3-d16' '-D' 'ARMR5' '-MMD' '-MP' '-specs=/home/wstanislaus/git/Demo2/platform/psu_cortexr5_0/freertos_psu_cortexr5_0/bsp/Xilinx.spec' '-I' '/home/wstanislaus/git/Demo2/platform/psu_cortexr5_0/freertos_psu_cortexr5_0/bsp/include' '-v' '-o' 'CMakeFiles/cmTC_c3661.dir/CMakeCXXCompilerABI.cpp.obj' '-c' '-marm' '-mlibarch=armv7-r+fp+idiv' '-march=armv7-r+fp+idiv' '-dumpdir' 'CMakeFiles/cmTC_c3661.dir/'
 /tools/Xilinx/2025.2/gnu/armr5/lin/gcc-arm-none-eabi/x86_64-oesdk-linux/usr/bin/arm-xilinx-eabi/../../libexec/arm-xilinx-eabi/gcc/arm-xilinx-eabi/13.3.0/cc1plus -quiet -v -I /home/wstanislaus/git/Demo2/platform/psu_cortexr5_0/freertos_psu_cortexr5_0/bsp/include -imultilib thumb/v7+fp/hard -iprefix /tools/Xilinx/2025.2/gnu/armr5/lin/gcc-arm-none-eabi/x86_64-oesdk-linux/usr/bin/arm-xilinx-eabi/../../lib/arm-xilinx-eabi/gcc/arm-xilinx-eabi/13.3.0/ -isysroot /tools/Xilinx/2025.2/Vitis/gnu/armr5/lin/gcc-arm-none-eabi/bin/../armrm-xilinx-eabi -MMD CMakeFiles/cmTC_c3661.dir/CMakeCXXCompilerABI.cpp.d -MP -MQ CMakeFiles/cmTC_c3661.dir/CMakeCXXCompilerABI.cpp.obj -D__USES_INITFINI__ -D FREERTOS_BSP -D SDT -D ARMR5 /tools/Xilinx/2025.2/tps/lnx64/cmake-3.24.2/share/cmake-3.24/Modules/CMakeCXXCompilerABI.cpp -quiet -dumpdir CMakeFiles/cmTC_c3661.dir/ -dumpbase CMakeCXXCompilerABI.cpp.cpp -dumpbase-ext .cpp -mcpu=cortex-r5 -mfloat-abi=hard -mfpu=vfpv3-d16 -marm -mlibarch=armv7-r+fp+idiv -march=armv7-r+fp+idiv -version -o /tmp/ccvtUBAJ.s
GNU C++17 (GCC) version 13.3.0 (arm-xilinx-eabi)
	compiled by GNU C version 13.3.0, GMP version 6.3.0, MPFR version 4.2.1, MPC version 1.3.1, isl version none
GGC heuristics: --param ggc-min-expand=100 --param ggc-min-heapsize=131072
ignoring nonexistent directory "/tools/Xilinx/2025.2/gnu/armr5/lin/gcc-arm-none-eabi/x86_64-oesdk-linux/usr/bin/arm-xilinx-eabi/../../lib/arm-xilinx-eabi/gcc/arm-xilinx-eabi/13.3.0/../../../../../arm-xilinx-eabi/include"
ignoring duplicate directory "/tools/Xilinx/2025.2/gnu/armr5/lin/gcc-arm-none-eabi/x86_64-oesdk-linux/usr/bin/arm-xilinx-eabi/../../lib/arm-xilinx-eabi/gcc/../../../lib/arm-xilinx-eabi/gcc/arm-xilinx-eabi/13.3.0/include"
ignoring nonexistent directory "/tools/Xilinx/2025.2/Vitis/gnu/armr5/lin/gcc-arm-none-eabi/bin/../armrm-xilinx-eabi/usr/lib/arm-xilinx-eabi/13.3.0/include"
ignoring nonexistent directory "/tools/Xilinx/2025.2/Vitis/gnu/armr5/lin/gcc-arm-none-eabi/bin/../armrm-xilinx-eabi/usr/local/include"
ignoring duplicate directory "/tools/Xilinx/2025.2/gnu/armr5/lin/gcc-arm-none-eabi/x86_64-oesdk-linux/usr/bin/arm-xilinx-eabi/../../lib/arm-xilinx-eabi/gcc/../../../lib/arm-xilinx-eabi/gcc/arm-xilinx-eabi/13.3.0/include-fixed"
ignoring nonexistent directory "/tools/Xilinx/2025.2/gnu/armr5/lin/gcc-arm-none-eabi/x86_64-oesdk-linux/usr/bin/arm-xilinx-eabi/../../lib/arm-xilinx-eabi/gcc/../../../lib/arm-xilinx-eabi/gcc/arm-xilinx-eabi/13.3.0/../../../../../arm-xilinx-eabi/include"
#include "..." search starts here:
#include <...> search starts here:
 /home/wstanislaus/git/Demo2/platform/psu_cortexr5_0/freertos_psu_cortexr5_0/bsp/include
 /tools/Xilinx/2025.2/gnu/armr5/lin/gcc-arm-none-eabi/x86_64-oesdk-linux/usr/bin/arm-xilinx-eabi/../../lib/arm-xilinx-eabi/gcc/arm-xilinx-eabi/13.3.0/include
 /tools/Xilinx/2025.2/gnu/armr5/lin/gcc-arm-none-eabi/x86_64-oesdk-linux/usr/bin/arm-xilinx-eabi/../../lib/arm-xilinx-eabi/gcc/arm-xilinx-eabi/13.3.0/include-fixed
 /tools/Xilinx/2025.2/Vitis/gnu/armr5/lin/gcc-arm-none-eabi/bin/../armrm-xilinx-eabi/usr/include/c++/13.3.0
 /tools/Xilinx/2025.2/Vitis/gnu/armr5/lin/gcc-arm-none-eabi/bin/../armrm-xilinx-eabi/usr/include/c++/13.3.0/arm-xilinx-eabi/thumb/v7+fp/hard
 /tools/Xilinx/2025.2/Vitis/gnu/armr5/lin/gcc-arm-none-eabi/bin/../armrm-xilinx-eabi/usr/include/c++/13.3.0/backward
 /tools/Xilinx/2025.2/Vitis/gnu/armr5/lin/gcc-arm-none-eabi/bin/../armrm-xilinx-eabi/usr/include/
End of search list.
Compiler executable checksum: a74f8ee75b8b2218ec7512a5fbcfac40
COLLECT_GCC_OPTIONS='--sysroot=/tools/Xilinx/2025.2/Vitis/gnu/armr5/lin/gcc-arm-none-eabi/bin/../armrm-xilinx-eabi' '-D' 'FREERTOS_BSP' '-D' 'SDT' '-mcpu=cortex-r5' '-mfloat-abi=hard' '-mfpu=vfpv3-d16' '-D' 'ARMR5' '-MMD' '-MP' '-specs=/home/wstanislaus/git/Demo2/platform/psu_cortexr5_0/freertos_psu_cortexr5_0/bsp/Xilinx.spec' '-I' '/home/wstanislaus/git/Demo2/platform/psu_cortexr5_0/freertos_psu_cortexr5_0/bsp/include' '-v' '-o' 'CMakeFiles/cmTC_c3661.dir/CMakeCXXCompilerABI.cpp.obj' '-c' '-marm' '-mlibarch=armv7-r+fp+idiv' '-march=armv7-r+fp+idiv' '-dumpdir' 'CMakeFiles/cmTC_c3661.dir/'
 /tools/Xilinx/2025.2/gnu/armr5/lin/gcc-arm-none-eabi/x86_64-oesdk-linux/usr/bin/arm-xilinx-eabi/../../libexec/arm-xilinx-eabi/gcc/arm-xilinx-eabi/13.3.0/as -v -I /home/wstanislaus/git/Demo2/platform/psu_cortexr5_0/freertos_psu_cortexr5_0/bsp/include -march=armv7-r+fp+idiv -mfloat-abi=hard -mfpu=vfpv3-d16 -meabi=5 -o CMakeFiles/cmTC_c3661.dir/CMakeCXXCompilerABI.cpp.obj /tmp/ccvtUBAJ.s
GNU assembler version 2.42.0 (arm-xilinx-eabi) using BFD version (GNU Binutils) 2.42.0.20240723
COMPILER_PATH=/tools/Xilinx/2025.2/gnu/armr5/lin/gcc-arm-none-eabi/x86_64-oesdk-linux/usr/bin/arm-xilinx-eabi/../../libexec/arm-xilinx-eabi/gcc/arm-xilinx-eabi/13.3.0/:/tools/Xilinx/2025.2/gnu/armr5/lin/gcc-arm-none-eabi/x86_64-oesdk-linux/usr/bin/arm-xilinx-eabi/../../libexec/arm-xilinx-eabi/gcc/
LIBRARY_PATH=/tools/Xilinx/2025.2/Vitis/gnu/armr5/lin/gcc-arm-none-eabi/bin/../armrm-xilinx-eabi/usr/lib/thumb/v7+fp/hard/:/tools/Xilinx/2025.2/gnu/armr5/lin/gcc-arm-none-eabi/x86_64-oesdk-linux/usr/bin/arm-xilinx-eabi/../../lib/arm-xilinx-eabi/gcc/arm-xilinx-eabi/13.3.0/:/tools/Xilinx/2025.2/gnu/armr5/lin/gcc-arm-none-eabi/x86_64-oesdk-linux/usr/bin/arm-xilinx-eabi/../../lib/arm-xilinx-eabi/gcc/:/tools/Xilinx/2025.2/Vitis/gnu/armr5/lin/gcc-arm-none-eabi/bin/../armrm-xilinx-eabi/usr/lib/arm-xilinx-eabi/13.3.0/:/tools/Xilinx/2025.2/Vitis/gnu/armr5/lin/gcc-arm-none-eabi/bin/../armrm-xilinx-eabi/usr/lib/
COLLECT_GCC_OPTIONS='--sysroot=/tools/Xilinx/2025.2/Vitis/gnu/armr5/lin/gcc-arm-none-eabi/bin/../armrm-xilinx-eabi' '-D' 'FREERTOS_BSP' '-D' 'SDT' '-mcpu=cortex-r5' '-mfloat-abi=hard' '-mfpu=vfpv3-d16' '-D' 'ARMR5' '-MMD' '-MP' '-specs=/home/wstanislaus/git/Demo2/platform/psu_cortexr5_0/freertos_psu_cortexr5_0/bsp/Xilinx.spec' '-I' '/home/wstanislaus/git/Demo2/platform/psu_cortexr5_0/freertos_psu_cortexr5_0/bsp/include' '-v' '-o' 'CMakeFiles/cmTC_c3661.dir/CMakeCXXCompilerABI.cpp.obj' '-c' '-marm' '-mlibarch=armv7-r+fp+idiv' '-march=armv7-r+fp+idiv' '-dumpdir' 'CMakeFiles/cmTC_c3661.dir/CMakeCXXCompilerABI.cpp.'
[2/2] Linking CXX executable cmTC_c3661
Using built-in specs.
Reading specs from /home/wstanislaus/git/Demo2/platform/psu_cortexr5_0/freertos_psu_cortexr5_0/bsp/Xilinx.spec
COLLECT_GCC=/tools/Xilinx/2025.2/Vitis/gnu/armr5/lin/gcc-arm-none-eabi/bin/../x86_64-oesdk-linux/usr/bin/arm-xilinx-eabi/arm-xilinx-eabi-g++.real
COLLECT_LTO_WRAPPER=/tools/Xilinx/2025.2/gnu/armr5/lin/gcc-arm-none-eabi/x86_64-oesdk-linux/usr/bin/arm-xilinx-eabi/../../libexec/arm-xilinx-eabi/gcc/arm-xilinx-eabi/13.3.0/lto-wrapper
Target: arm-xilinx-eabi
Configured with: ../../../../../../work-shared/gcc-13.3.0-r0/gcc-13.3.0/configure --build=x86_64-linux --host=x86_64-oesdk-linux --target=arm-xilinx-eabi --prefix=/usr/local/oe-sdk-hardcoded-buildpath/sysroots/x86_64-oesdk-linux/usr --exec_prefix=/usr/local/oe-sdk-hardcoded-buildpath/sysroots/x86_64-oesdk-linux/usr --bindir=/usr/local/oe-sdk-hardcoded-buildpath/sysroots/x86_64-oesdk-linux/usr/bin/arm-xilinx-eabi --sbindir=/usr/local/oe-sdk-hardcoded-buildpath/sysroots/x86_64-oesdk-linux/usr/bin/arm-xilinx-eabi --libexecdir=/usr/local/oe-sdk-hardcoded-buildpath/sysroots/x86_64-oesdk-linux/usr/libexec/arm-xilinx-eabi --datadir=/usr/local/oe-sdk-hardcoded-buildpath/sysroots/x86_64-oesdk-linux/usr/share --sysconfdir=/usr/local/oe-sdk-hardcoded-buildpath/sysroots/x86_64-oesdk-linux/etc --sharedstatedir=/usr/local/oe-sdk-hardcoded-buildpath/sysroots/x86_64-oesdk-linux/com --localstatedir=/usr/local/oe-sdk-hardcoded-buildpath/sysroots/x86_64-oesdk-linux/var --libdir=/usr/local/oe-sdk-hardcoded-buildpath/sysroots/x86_64-oesdk-linux/usr/lib/arm-xilinx-eabi --includedir=/usr/local/oe-sdk-hardcoded-buildpath/sysroots/x86_64-oesdk-linux/usr/include --oldincludedir=/usr/local/oe-sdk-hardcoded-buildpath/sysroots/x86_64-oesdk-linux/usr/include --infodir=/usr/local/oe-sdk-hardcoded-buildpath/sysroots/x86_64-oesdk-linux/usr/share/info --mandir=/usr/local/oe-sdk-hardcoded-buildpath/sysroots/x86_64-oesdk-linux/usr/share/man --disable-silent-rules --disable-dependency-tracking --with-libtool-sysroot=/host --with-gnu-ld --enable-shared --enable-languages=c,c++,fortran --enable-threads=posix --enable-multilib --enable-c99 --enable-long-long --enable-libstdcxx-pch --program-prefix=arm-xilinx-eabi- --without-local-prefix --disable-install-libiberty --disable-libssp --enable-libitm --enable-lto --disable-bootstrap --with-system-zlib --enable-linker-build-id --with-ppl=no --with-cloog=no --enable-checking=release --enable-cheaders=c_global --without-isl --with-gxx-include-dir=/not/exist/usr/include/c++/13.3.0 --with-build-time-tools=/host-native/usr/arm-xilinx-eabi/bin --with-sysroot=/not/exist --with-build-sysroot=/host --with-plugin-ld=ld --enable-poison-system-directories --disable-static --enable-nls --with-glibc-version=2.28 --enable-initfini-array --with-multilib-list=rmprofile --enable-multilib --disable-libstdcxx-pch --with-newlib --disable-threads --enable-plugins --with-gnu-as --disable-libitm --disable-tm-clone-registry --disable-tls --disable-decimal-float --with-sysroot=/not/exist
Thread model: single
Supported LTO compression algorithms: zlib zstd
gcc version 13.3.0 (GCC) 
COMPILER_PATH=/tools/Xilinx/2025.2/gnu/armr5/lin/gcc-arm-none-eabi/x86_64-oesdk-linux/usr/bin/arm-xilinx-eabi/../../libexec/arm-xilinx-eabi/gcc/arm-xilinx-eabi/13.3.0/:/tools/Xilinx/2025.2/gnu/armr5/lin/gcc-arm-none-eabi/x86_64-oesdk-linux/usr/bin/arm-xilinx-eabi/../../libexec/arm-xilinx-eabi/gcc/
LIBRARY_PATH=/tools/Xilinx/2025.2/Vitis/gnu/armr5/lin/gcc-arm-none-eabi/bin/../armrm-xilinx-eabi/usr/lib/thumb/v7+fp/hard/:/tools/Xilinx/2025.2/gnu/armr5/lin/gcc-arm-none-eabi/x86_64-oesdk-linux/usr/bin/arm-xilinx-eabi/../../lib/arm-xilinx-eabi/gcc/arm-xilinx-eabi/13.3.0/:/tools/Xilinx/2025.2/gnu/armr5/lin/gcc-arm-none-eabi/x86_64-oesdk-linux/usr/bin/arm-xilinx-eabi/../../lib/arm-xilinx-eabi/gcc/:/tools/Xilinx/2025.2/Vitis/gnu/armr5/lin/gcc-arm-none-eabi/bin/../armrm-xilinx-eabi/usr/lib/arm-xilinx-eabi/13.3.0/:/tools/Xilinx/2025.2/Vitis/gnu/armr5/lin/gcc-arm-none-eabi/bin/../armrm-xilinx-eabi/usr/lib/
COLLECT_GCC_OPTIONS='--sysroot=/tools/Xilinx/2025.2/Vitis/gnu/armr5/lin/gcc-arm-none-eabi/bin/../armrm-xilinx-eabi' '-D' 'SDT' '-mcpu=cortex-r5' '-mfloat-abi=hard' '-mfpu=vfpv3-d16' '-D' 'ARMR5' '-MMD' '-MP' '-specs=/home/wstanislaus/git/Demo2/platform/psu_cortexr5_0/freertos_psu_cortexr5_0/bsp/Xilinx.spec' '-I' '/home/wstanislaus/git/Demo2/platform/psu_cortexr5_0/freertos_psu_cortexr5_0/bsp/include' '-v' '-o' 'cmTC_c3661' '-marm' '-mlibarch=armv7-r+fp+idiv' '-march=armv7-r+fp+idiv' '-dumpdir' 'cmTC_c3661.'
 /tools/Xilinx/2025.2/gnu/armr5/lin/gcc-arm-none-eabi/x86_64-oesdk-linux/usr/bin/arm-xilinx-eabi/../../libexec/arm-xilinx-eabi/gcc/arm-xilinx-eabi/13.3.0/collect2 -plugin /tools/Xilinx/2025.2/gnu/armr5/lin/gcc-arm-none-eabi/x86_64-oesdk-linux/usr/bin/arm-xilinx-eabi/../../libexec/arm-xilinx-eabi/gcc/arm-xilinx-eabi/13.3.0/liblto_plugin.so -plugin-opt=/tools/Xilinx/2025.2/gnu/armr5/lin/gcc-arm-none-eabi/x86_64-oesdk-linux/usr/bin/arm-xilinx-eabi/../../libexec/arm-xilinx-eabi/gcc/arm-xilinx-eabi/13.3.0/lto-wrapper -plugin-opt=-fresolution=/tmp/ccHa6U6r.res -plugin-opt=-pass-through=-lgcc -plugin-opt=-pass-through=-lc --sysroot=/tools/Xilinx/2025.2/Vitis/gnu/armr5/lin/gcc-arm-none-eabi/bin/../armrm-xilinx-eabi --build-id -X -o cmTC_c3661 /tools/Xilinx/2025.2/Vitis/gnu/armr5/lin/gcc-arm-none-eabi/bin/../armrm-xilinx-eabi/usr/lib/thumb/v7+fp/hard/crti.o /tools/Xilinx/2025.2/Vitis/gnu/armr5/lin/gcc-arm-none-eabi/bin/../armrm-xilinx-eabi/usr/lib/thumb/v7+fp/hard/crtbegin.o -L/tools/Xilinx/2025.2/Vitis/gnu/armr5/lin/gcc-arm-none-eabi/bin/../armrm-xilinx-eabi/usr/lib/thumb/v7+fp/hard -L/tools/Xilinx/2025.2/gnu/armr5/lin/gcc-arm-none-eabi/x86_64-oesdk-linux/usr/bin/arm-xilinx-eabi/../../lib/arm-xilinx-eabi/gcc/arm-xilinx-eabi/13.3.0 -L/tools/Xilinx/2025.2/gnu/armr5/lin/gcc-arm-none-eabi/x86_64-oesdk-linux/usr/bin/arm-xilinx-eabi/../../lib/arm-xilinx-eabi/gcc -L/tools/Xilinx/2025.2/Vitis/gnu/armr5/lin/gcc-arm-none-eabi/bin/../armrm-xilinx-eabi/usr/lib/arm-xilinx-eabi/13.3.0 -L/tools/Xilinx/2025.2/Vitis/gnu/armr5/lin/gcc-arm-none-eabi/bin/../armrm-xilinx-eabi/usr/lib --no-warn-rwx-segment CMakeFiles/cmTC_c3661.dir/CMakeCXXCompilerABI.cpp.obj -lstdc++ -lm --start-group -lgcc -lc --end-group /tools/Xilinx/2025.2/Vitis/gnu/armr5/lin/gcc-arm-none-eabi/bin/../armrm-xilinx-eabi/usr/lib/thumb/v7+fp/hard/crtend.o /tools/Xilinx/2025.2/Vitis/gnu/armr5/lin/gcc-arm-none-eabi/bin/../armrm-xilinx-eabi/usr/lib/thumb/v7+fp/hard/crtn.o
/tools/Xilinx/2025.2/gnu/armr5/lin/gcc-arm-none-eabi/x86_64-oesdk-linux/usr/bin/arm-xilinx-eabi/arm-xilinx-eabi-ld.real: warning: cannot find entry symbol _start; defaulting to 00008030
COLLECT_GCC_OPTIONS='--sysroot=/tools/Xilinx/2025.2/Vitis/gnu/armr5/lin/gcc-arm-none-eabi/bin/../armrm-xilinx-eabi' '-D' 'SDT' '-mcpu=cortex-r5' '-mfloat-abi=hard' '-mfpu=vfpv3-d16' '-D' 'ARMR5' '-MMD' '-MP' '-specs=/home/wstanislaus/git/Demo2/platform/psu_cortexr5_0/freertos_psu_cortexr5_0/bsp/Xilinx.spec' '-I' '/home/wstanislaus/git/Demo2/platform/psu_cortexr5_0/freertos_psu_cortexr5_0/bsp/include' '-v' '-o' 'cmTC_c3661' '-marm' '-mlibarch=armv7-r+fp+idiv' '-march=armv7-r+fp+idiv' '-dumpdir' 'cmTC_c3661.'



Parsed CXX implicit include dir info from above output: rv=done
  found start of include info
  found start of implicit include info
    add: [/home/wstanislaus/git/Demo2/platform/psu_cortexr5_0/freertos_psu_cortexr5_0/bsp/include]
    add: [/tools/Xilinx/2025.2/gnu/armr5/lin/gcc-arm-none-eabi/x86_64-oesdk-linux/usr/bin/arm-xilinx-eabi/../../lib/arm-xilinx-eabi/gcc/arm-xilinx-eabi/13.3.0/include]
    add: [/tools/Xilinx/2025.2/gnu/armr5/lin/gcc-arm-none-eabi/x86_64-oesdk-linux/usr/bin/arm-xilinx-eabi/../../lib/arm-xilinx-eabi/gcc/arm-xilinx-eabi/13.3.0/include-fixed]
    add: [/tools/Xilinx/2025.2/Vitis/gnu/armr5/lin/gcc-arm-none-eabi/bin/../armrm-xilinx-eabi/usr/include/c++/13.3.0]
    add: [/tools/Xilinx/2025.2/Vitis/gnu/armr5/lin/gcc-arm-none-eabi/bin/../armrm-xilinx-eabi/usr/include/c++/13.3.0/arm-xilinx-eabi/thumb/v7+fp/hard]
    add: [/tools/Xilinx/2025.2/Vitis/gnu/armr5/lin/gcc-arm-none-eabi/bin/../armrm-xilinx-eabi/usr/include/c++/13.3.0/backward]
    add: [/tools/Xilinx/2025.2/Vitis/gnu/armr5/lin/gcc-arm-none-eabi/bin/../armrm-xilinx-eabi/usr/include/]
  end of search list found
  collapse include dir [/home/wstanislaus/git/Demo2/platform/psu_cortexr5_0/freertos_psu_cortexr5_0/bsp/include] ==> [/home/wstanislaus/git/Demo2/platform/psu_cortexr5_0/freertos_psu_cortexr5_0/bsp/include]
  collapse include dir [/tools/Xilinx/2025.2/gnu/armr5/lin/gcc-arm-none-eabi/x86_64-oesdk-linux/usr/bin/arm-xilinx-eabi/../../lib/arm-xilinx-eabi/gcc/arm-xilinx-eabi/13.3.0/include] ==> [/tools/Xilinx/2025.2/gnu/armr5/lin/gcc-arm-none-eabi/x86_64-oesdk-linux/usr/lib/arm-xilinx-eabi/gcc/arm-xilinx-eabi/13.3.0/include]
  collapse include dir [/tools/Xilinx/2025.2/gnu/armr5/lin/gcc-arm-none-eabi/x86_64-oesdk-linux/usr/bin/arm-xilinx-eabi/../../lib/arm-xilinx-eabi/gcc/arm-xilinx-eabi/13.3.0/include-fixed] ==> [/tools/Xilinx/2025.2/gnu/armr5/lin/gcc-arm-none-eabi/x86_64-oesdk-linux/usr/lib/arm-xilinx-eabi/gcc/arm-xilinx-eabi/13.3.0/include-fixed]
  collapse include dir [/tools/Xilinx/2025.2/Vitis/gnu/armr5/lin/gcc-arm-none-eabi/bin/../armrm-xilinx-eabi/usr/include/c++/13.3.0] ==> [/tools/Xilinx/2025.2/Vitis/gnu/armr5/lin/gcc-arm-none-eabi/armrm-xilinx-eabi/usr/include/c++/13.3.0]
  collapse include dir [/tools/Xilinx/2025.2/Vitis/gnu/armr5/lin/gcc-arm-none-eabi/bin/../armrm-xilinx-eabi/usr/include/c++/13.3.0/arm-xilinx-eabi/thumb/v7+fp/hard] ==> [/tools/Xilinx/2025.2/Vitis/gnu/armr5/lin/gcc-arm-none-eabi/armrm-xilinx-eabi/usr/include/c++/13.3.0/arm-xilinx-eabi/thumb/v7+fp/hard]
  collapse include dir [/tools/Xilinx/2025.2/Vitis/gnu/armr5/lin/gcc-arm-none-eabi/bin/../armrm-xilinx-eabi/usr/include/c++/13.3.0/backward] ==> [/tools/Xilinx/2025.2/Vitis/gnu/armr5/lin/gcc-arm-none-eabi/armrm-xilinx-eabi/usr/include/c++/13.3.0/backward]
  collapse include dir [/tools/Xilinx/2025.2/Vitis/gnu/armr5/lin/gcc-arm-none-eabi/bin/../armrm-xilinx-eabi/usr/include/] ==> [/tools/Xilinx/2025.2/Vitis/gnu/armr5/lin/gcc-arm-none-eabi/armrm-xilinx-eabi/usr/include]
  implicit include dirs: [/home/wstanislaus/git/Demo2/platform/psu_cortexr5_0/freertos_psu_cortexr5_0/bsp/include;/tools/Xilinx/2025.2/gnu/armr5/lin/gcc-arm-none-eabi/x86_64-oesdk-linux/usr/lib/arm-xilinx-eabi/gcc/arm-xilinx-eabi/13.3.0/include;/tools/Xilinx/2025.2/gnu/armr5/lin/gcc-arm-none-eabi/x86_64-oesdk-linux/usr/lib/arm-xilinx-eabi/gcc/arm-xilinx-eabi/13.3.0/include-fixed;/tools/Xilinx/2025.2/Vitis/gnu/armr5/lin/gcc-arm-none-eabi/armrm-xilinx-eabi/usr/include/c++/13.3.0;/tools/Xilinx/2025.2/Vitis/gnu/armr5/lin/gcc-arm-none-eabi/armrm-xilinx-eabi/usr/include/c++/13.3.0/arm-xilinx-eabi/thumb/v7+fp/hard;/tools/Xilinx/2025.2/Vitis/gnu/armr5/lin/gcc-arm-none-eabi/armrm-xilinx-eabi/usr/include/c++/13.3.0/backward;/tools/Xilinx/2025.2/Vitis/gnu/armr5/lin/gcc-arm-none-eabi/armrm-xilinx-eabi/usr/include]


Parsed CXX implicit link information from above output:
  link line regex: [^( *|.*[/\])(armr5-none-eabi-ld|CMAKE_LINK_STARTFILE-NOTFOUND|([^/\]+-)?ld|collect2)[^/\]*( |$)]
  ignore line: [Change Dir: /home/wstanislaus/git/Demo2/platform/psu_cortexr5_0/freertos_psu_cortexr5_0/bsp/libsrc/build_configs/exmetadata/CMakeFiles/CMakeTmp]
  ignore line: []
  ignore line: [Run Build Command(s):/tools/Xilinx/2025.2/Vitis/bin/ninja cmTC_c3661 && [1/2] Building CXX object CMakeFiles/cmTC_c3661.dir/CMakeCXXCompilerABI.cpp.obj]
  ignore line: [Using built-in specs.]
  ignore line: [Reading specs from /home/wstanislaus/git/Demo2/platform/psu_cortexr5_0/freertos_psu_cortexr5_0/bsp/Xilinx.spec]
  ignore line: [COLLECT_GCC=/tools/Xilinx/2025.2/Vitis/gnu/armr5/lin/gcc-arm-none-eabi/bin/../x86_64-oesdk-linux/usr/bin/arm-xilinx-eabi/arm-xilinx-eabi-g++.real]
  ignore line: [Target: arm-xilinx-eabi]
  ignore line: [Configured with: ../../../../../../work-shared/gcc-13.3.0-r0/gcc-13.3.0/configure --build=x86_64-linux --host=x86_64-oesdk-linux --target=arm-xilinx-eabi --prefix=/usr/local/oe-sdk-hardcoded-buildpath/sysroots/x86_64-oesdk-linux/usr --exec_prefix=/usr/local/oe-sdk-hardcoded-buildpath/sysroots/x86_64-oesdk-linux/usr --bindir=/usr/local/oe-sdk-hardcoded-buildpath/sysroots/x86_64-oesdk-linux/usr/bin/arm-xilinx-eabi --sbindir=/usr/local/oe-sdk-hardcoded-buildpath/sysroots/x86_64-oesdk-linux/usr/bin/arm-xilinx-eabi --libexecdir=/usr/local/oe-sdk-hardcoded-buildpath/sysroots/x86_64-oesdk-linux/usr/libexec/arm-xilinx-eabi --datadir=/usr/local/oe-sdk-hardcoded-buildpath/sysroots/x86_64-oesdk-linux/usr/share --sysconfdir=/usr/local/oe-sdk-hardcoded-buildpath/sysroots/x86_64-oesdk-linux/etc --sharedstatedir=/usr/local/oe-sdk-hardcoded-buildpath/sysroots/x86_64-oesdk-linux/com --localstatedir=/usr/local/oe-sdk-hardcoded-buildpath/sysroots/x86_64-oesdk-linux/var --libdir=/usr/local/oe-sdk-hardcoded-buildpath/sysroots/x86_64-oesdk-linux/usr/lib/arm-xilinx-eabi --includedir=/usr/local/oe-sdk-hardcoded-buildpath/sysroots/x86_64-oesdk-linux/usr/include --oldincludedir=/usr/local/oe-sdk-hardcoded-buildpath/sysroots/x86_64-oesdk-linux/usr/include --infodir=/usr/local/oe-sdk-hardcoded-buildpath/sysroots/x86_64-oesdk-linux/usr/share/info --mandir=/usr/local/oe-sdk-hardcoded-buildpath/sysroots/x86_64-oesdk-linux/usr/share/man --disable-silent-rules --disable-dependency-tracking --with-libtool-sysroot=/host --with-gnu-ld --enable-shared --enable-languages=c,c++,fortran --enable-threads=posix --enable-multilib --enable-c99 --enable-long-long --enable-libstdcxx-pch --program-prefix=arm-xilinx-eabi- --without-local-prefix --disable-install-libiberty --disable-libssp --enable-libitm --enable-lto --disable-bootstrap --with-system-zlib --enable-linker-build-id --with-ppl=no --with-cloog=no --enable-checking=release --enable-cheaders=c_global --without-isl --with-gxx-include-dir=/not/exist/usr/include/c++/13.3.0 --with-build-time-tools=/host-native/usr/arm-xilinx-eabi/bin --with-sysroot=/not/exist --with-build-sysroot=/host --with-plugin-ld=ld --enable-poison-system-directories --disable-static --enable-nls --with-glibc-version=2.28 --enable-initfini-array --with-multilib-list=rmprofile --enable-multilib --disable-libstdcxx-pch --with-newlib --disable-threads --enable-plugins --with-gnu-as --disable-libitm --disable-tm-clone-registry --disable-tls --disable-decimal-float --with-sysroot=/not/exist]
  ignore line: [Thread model: single]
  ignore line: [Supported LTO compression algorithms: zlib zstd]
  ignore line: [gcc version 13.3.0 (GCC) ]
  ignore line: [COLLECT_GCC_OPTIONS='--sysroot=/tools/Xilinx/2025.2/Vitis/gnu/armr5/lin/gcc-arm-none-eabi/bin/../armrm-xilinx-eabi' '-D' 'FREERTOS_BSP' '-D' 'SDT' '-mcpu=cortex-r5' '-mfloat-abi=hard' '-mfpu=vfpv3-d16' '-D' 'ARMR5' '-MMD' '-MP' '-specs=/home/wstanislaus/git/Demo2/platform/psu_cortexr5_0/freertos_psu_cortexr5_0/bsp/Xilinx.spec' '-I' '/home/wstanislaus/git/Demo2/platform/psu_cortexr5_0/freertos_psu_cortexr5_0/bsp/include' '-v' '-o' 'CMakeFiles/cmTC_c3661.dir/CMakeCXXCompilerABI.cpp.obj' '-c' '-marm' '-mlibarch=armv7-r+fp+idiv' '-march=armv7-r+fp+idiv' '-dumpdir' 'CMakeFiles/cmTC_c3661.dir/']
  ignore line: [ /tools/Xilinx/2025.2/gnu/armr5/lin/gcc-arm-none-eabi/x86_64-oesdk-linux/usr/bin/arm-xilinx-eabi/../../libexec/arm-xilinx-eabi/gcc/arm-xilinx-eabi/13.3.0/cc1plus -quiet -v -I /home/wstanislaus/git/Demo2/platform/psu_cortexr5_0/freertos_psu_cortexr5_0/bsp/include -imultilib thumb/v7+fp/hard -iprefix /tools/Xilinx/2025.2/gnu/armr5/lin/gcc-arm-none-eabi/x86_64-oesdk-linux/usr/bin/arm-xilinx-eabi/../../lib/arm-xilinx-eabi/gcc/arm-xilinx-eabi/13.3.0/ -isysroot /tools/Xilinx/2025.2/Vitis/gnu/armr5/lin/gcc-arm-none-eabi/bin/../armrm-xilinx-eabi -MMD CMakeFiles/cmTC_c3661.dir/CMakeCXXCompilerABI.cpp.d -MP -MQ CMakeFiles/cmTC_c3661.dir/CMakeCXXCompilerABI.cpp.obj -D__USES_INITFINI__ -D FREERTOS_BSP -D SDT -D ARMR5 /tools/Xilinx/2025.2/tps/lnx64/cmake-3.24.2/share/cmake-3.24/Modules/CMakeCXXCompilerABI.cpp -quiet -dumpdir CMakeFiles/cmTC_c3661.dir/ -dumpbase CMakeCXXCompilerABI.cpp.cpp -dumpbase-ext .cpp -mcpu=cortex-r5 -mfloat-abi=hard -mfpu=vfpv3-d16 -marm -mlibarch=armv7-r+fp+idiv -march=armv7-r+fp+idiv -version -o /tmp/ccvtUBAJ.s]
  ignore line: [GNU C++17 (GCC) version 13.3.0 (arm-xilinx-eabi)]
  ignore line: [	compiled by GNU C version 13.3.0  GMP version 6.3.0  MPFR version 4.2.1  MPC version 1.3.1  isl version none]
  ignore line: [GGC heuristics: --param ggc-min-expand=100 --param ggc-min-heapsize=131072]
  ignore line: [ignoring nonexistent directory "/tools/Xilinx/2025.2/gnu/armr5/lin/gcc-arm-none-eabi/x86_64-oesdk-linux/usr/bin/arm-xilinx-eabi/../../lib/arm-xilinx-eabi/gcc/arm-xilinx-eabi/13.3.0/../../../../../arm-xilinx-eabi/include"]
  ignore line: [ignoring duplicate directory "/tools/Xilinx/2025.2/gnu/armr5/lin/gcc-arm-none-eabi/x86_64-oesdk-linux/usr/bin/arm-xilinx-eabi/../../lib/arm-xilinx-eabi/gcc/../../../lib/arm-xilinx-eabi/gcc/arm-xilinx-eabi/13.3.0/include"]
  ignore line: [ignoring nonexistent directory "/tools/Xilinx/2025.2/Vitis/gnu/armr5/lin/gcc-arm-none-eabi/bin/../armrm-xilinx-eabi/usr/lib/arm-xilinx-eabi/13.3.0/include"]
  ignore line: [ignoring nonexistent directory "/tools/Xilinx/2025.2/Vitis/gnu/armr5/lin/gcc-arm-none-eabi/bin/../armrm-xilinx-eabi/usr/local/include"]
  ignore line: [ignoring duplicate directory "/tools/Xilinx/2025.2/gnu/armr5/lin/gcc-arm-none-eabi/x86_64-oesdk-linux/usr/bin/arm-xilinx-eabi/../../lib/arm-xilinx-eabi/gcc/../../../lib/arm-xilinx-eabi/gcc/arm-xilinx-eabi/13.3.0/include-fixed"]
  ignore line: [ignoring nonexistent directory "/tools/Xilinx/2025.2/gnu/armr5/lin/gcc-arm-none-eabi/x86_64-oesdk-linux/usr/bin/arm-xilinx-eabi/../../lib/arm-xilinx-eabi/gcc/../../../lib/arm-xilinx-eabi/gcc/arm-xilinx-eabi/13.3.0/../../../../../arm-xilinx-eabi/include"]
  ignore line: [#include "..." search starts here:]
  ignore line: [#include <...> search starts here:]
  ignore line: [ /home/wstanislaus/git/Demo2/platform/psu_cortexr5_0/freertos_psu_cortexr5_0/bsp/include]
  ignore line: [ /tools/Xilinx/2025.2/gnu/armr5/lin/gcc-arm-none-eabi/x86_64-oesdk-linux/usr/bin/arm-xilinx-eabi/../../lib/arm-xilinx-eabi/gcc/arm-xilinx-eabi/13.3.0/include]
  ignore line: [ /tools/Xilinx/2025.2/gnu/armr5/lin/gcc-arm-none-eabi/x86_64-oesdk-linux/usr/bin/arm-xilinx-eabi/../../lib/arm-xilinx-eabi/gcc/arm-xilinx-eabi/13.3.0/include-fixed]
  ignore line: [ /tools/Xilinx/2025.2/Vitis/gnu/armr5/lin/gcc-arm-none-eabi/bin/../armrm-xilinx-eabi/usr/include/c++/13.3.0]
  ignore line: [ /tools/Xilinx/2025.2/Vitis/gnu/armr5/lin/gcc-arm-none-eabi/bin/../armrm-xilinx-eabi/usr/include/c++/13.3.0/arm-xilinx-eabi/thumb/v7+fp/hard]
  ignore line: [ /tools/Xilinx/2025.2/Vitis/gnu/armr5/lin/gcc-arm-none-eabi/bin/../armrm-xilinx-eabi/usr/include/c++/13.3.0/backward]
  ignore line: [ /tools/Xilinx/2025.2/Vitis/gnu/armr5/lin/gcc-arm-none-eabi/bin/../armrm-xilinx-eabi/usr/include/]
  ignore line: [End of search list.]
  ignore line: [Compiler executable checksum: a74f8ee75b8b2218ec7512a5fbcfac40]
  ignore line: [COLLECT_GCC_OPTIONS='--sysroot=/tools/Xilinx/2025.2/Vitis/gnu/armr5/lin/gcc-arm-none-eabi/bin/../armrm-xilinx-eabi' '-D' 'FREERTOS_BSP' '-D' 'SDT' '-mcpu=cortex-r5' '-mfloat-abi=hard' '-mfpu=vfpv3-d16' '-D' 'ARMR5' '-MMD' '-MP' '-specs=/home/wstanislaus/git/Demo2/platform/psu_cortexr5_0/freertos_psu_cortexr5_0/bsp/Xilinx.spec' '-I' '/home/wstanislaus/git/Demo2/platform/psu_cortexr5_0/freertos_psu_cortexr5_0/bsp/include' '-v' '-o' 'CMakeFiles/cmTC_c3661.dir/CMakeCXXCompilerABI.cpp.obj' '-c' '-marm' '-mlibarch=armv7-r+fp+idiv' '-march=armv7-r+fp+idiv' '-dumpdir' 'CMakeFiles/cmTC_c3661.dir/']
  ignore line: [ /tools/Xilinx/2025.2/gnu/armr5/lin/gcc-arm-none-eabi/x86_64-oesdk-linux/usr/bin/arm-xilinx-eabi/../../libexec/arm-xilinx-eabi/gcc/arm-xilinx-eabi/13.3.0/as -v -I /home/wstanislaus/git/Demo2/platform/psu_cortexr5_0/freertos_psu_cortexr5_0/bsp/include -march=armv7-r+fp+idiv -mfloat-abi=hard -mfpu=vfpv3-d16 -meabi=5 -o CMakeFiles/cmTC_c3661.dir/CMakeCXXCompilerABI.cpp.obj /tmp/ccvtUBAJ.s]
  ignore line: [GNU assembler version 2.42.0 (arm-xilinx-eabi) using BFD version (GNU Binutils) 2.42.0.20240723]
  ignore line: [COMPILER_PATH=/tools/Xilinx/2025.2/gnu/armr5/lin/gcc-arm-none-eabi/x86_64-oesdk-linux/usr/bin/arm-xilinx-eabi/../../libexec/arm-xilinx-eabi/gcc/arm-xilinx-eabi/13.3.0/:/tools/Xilinx/2025.2/gnu/armr5/lin/gcc-arm-none-eabi/x86_64-oesdk-linux/usr/bin/arm-xilinx-eabi/../../libexec/arm-xilinx-eabi/gcc/]
  ignore line: [LIBRARY_PATH=/tools/Xilinx/2025.2/Vitis/gnu/armr5/lin/gcc-arm-none-eabi/bin/../armrm-xilinx-eabi/usr/lib/thumb/v7+fp/hard/:/tools/Xilinx/2025.2/gnu/armr5/lin/gcc-arm-none-eabi/x86_64-oesdk-linux/usr/bin/arm-xilinx-eabi/../../lib/arm-xilinx-eabi/gcc/arm-xilinx-eabi/13.3.0/:/tools/Xilinx/2025.2/gnu/armr5/lin/gcc-arm-none-eabi/x86_64-oesdk-linux/usr/bin/arm-xilinx-eabi/../../lib/arm-xilinx-eabi/gcc/:/tools/Xilinx/2025.2/Vitis/gnu/armr5/lin/gcc-arm-none-eabi/bin/../armrm-xilinx-eabi/usr/lib/arm-xilinx-eabi/13.3.0/:/tools/Xilinx/2025.2/Vitis/gnu/armr5/lin/gcc-arm-none-eabi/bin/../armrm-xilinx-eabi/usr/lib/]
  ignore line: [COLLECT_GCC_OPTIONS='--sysroot=/tools/Xilinx/2025.2/Vitis/gnu/armr5/lin/gcc-arm-none-eabi/bin/../armrm-xilinx-eabi' '-D' 'FREERTOS_BSP' '-D' 'SDT' '-mcpu=cortex-r5' '-mfloat-abi=hard' '-mfpu=vfpv3-d16' '-D' 'ARMR5' '-MMD' '-MP' '-specs=/home/wstanislaus/git/Demo2/platform/psu_cortexr5_0/freertos_psu_cortexr5_0/bsp/Xilinx.spec' '-I' '/home/wstanislaus/git/Demo2/platform/psu_cortexr5_0/freertos_psu_cortexr5_0/bsp/include' '-v' '-o' 'CMakeFiles/cmTC_c3661.dir/CMakeCXXCompilerABI.cpp.obj' '-c' '-marm' '-mlibarch=armv7-r+fp+idiv' '-march=armv7-r+fp+idiv' '-dumpdir' 'CMakeFiles/cmTC_c3661.dir/CMakeCXXCompilerABI.cpp.']
  ignore line: [[2/2] Linking CXX executable cmTC_c3661]
  ignore line: [Using built-in specs.]
  ignore line: [Reading specs from /home/wstanislaus/git/Demo2/platform/psu_cortexr5_0/freertos_psu_cortexr5_0/bsp/Xilinx.spec]
  ignore line: [COLLECT_GCC=/tools/Xilinx/2025.2/Vitis/gnu/armr5/lin/gcc-arm-none-eabi/bin/../x86_64-oesdk-linux/usr/bin/arm-xilinx-eabi/arm-xilinx-eabi-g++.real]
  ignore line: [COLLECT_LTO_WRAPPER=/tools/Xilinx/2025.2/gnu/armr5/lin/gcc-arm-none-eabi/x86_64-oesdk-linux/usr/bin/arm-xilinx-eabi/../../libexec/arm-xilinx-eabi/gcc/arm-xilinx-eabi/13.3.0/lto-wrapper]
  ignore line: [Target: arm-xilinx-eabi]
  ignore line: [Configured with: ../../../../../../work-shared/gcc-13.3.0-r0/gcc-13.3.0/configure --build=x86_64-linux --host=x86_64-oesdk-linux --target=arm-xilinx-eabi --prefix=/usr/local/oe-sdk-hardcoded-buildpath/sysroots/x86_64-oesdk-linux/usr --exec_prefix=/usr/local/oe-sdk-hardcoded-buildpath/sysroots/x86_64-oesdk-linux/usr --bindir=/usr/local/oe-sdk-hardcoded-buildpath/sysroots/x86_64-oesdk-linux/usr/bin/arm-xilinx-eabi --sbindir=/usr/local/oe-sdk-hardcoded-buildpath/sysroots/x86_64-oesdk-linux/usr/bin/arm-xilinx-eabi --libexecdir=/usr/local/oe-sdk-hardcoded-buildpath/sysroots/x86_64-oesdk-linux/usr/libexec/arm-xilinx-eabi --datadir=/usr/local/oe-sdk-hardcoded-buildpath/sysroots/x86_64-oesdk-linux/usr/share --sysconfdir=/usr/local/oe-sdk-hardcoded-buildpath/sysroots/x86_64-oesdk-linux/etc --sharedstatedir=/usr/local/oe-sdk-hardcoded-buildpath/sysroots/x86_64-oesdk-linux/com --localstatedir=/usr/local/oe-sdk-hardcoded-buildpath/sysroots/x86_64-oesdk-linux/var --libdir=/usr/local/oe-sdk-hardcoded-buildpath/sysroots/x86_64-oesdk-linux/usr/lib/arm-xilinx-eabi --includedir=/usr/local/oe-sdk-hardcoded-buildpath/sysroots/x86_64-oesdk-linux/usr/include --oldincludedir=/usr/local/oe-sdk-hardcoded-buildpath/sysroots/x86_64-oesdk-linux/usr/include --infodir=/usr/local/oe-sdk-hardcoded-buildpath/sysroots/x86_64-oesdk-linux/usr/share/info --mandir=/usr/local/oe-sdk-hardcoded-buildpath/sysroots/x86_64-oesdk-linux/usr/share/man --disable-silent-rules --disable-dependency-tracking --with-libtool-sysroot=/host --with-gnu-ld --enable-shared --enable-languages=c,c++,fortran --enable-threads=posix --enable-multilib --enable-c99 --enable-long-long --enable-libstdcxx-pch --program-prefix=arm-xilinx-eabi- --without-local-prefix --disable-install-libiberty --disable-libssp --enable-libitm --enable-lto --disable-bootstrap --with-system-zlib --enable-linker-build-id --with-ppl=no --with-cloog=no --enable-checking=release --enable-cheaders=c_global --without-isl --with-gxx-include-dir=/not/exist/usr/include/c++/13.3.0 --with-build-time-tools=/host-native/usr/arm-xilinx-eabi/bin --with-sysroot=/not/exist --with-build-sysroot=/host --with-plugin-ld=ld --enable-poison-system-directories --disable-static --enable-nls --with-glibc-version=2.28 --enable-initfini-array --with-multilib-list=rmprofile --enable-multilib --disable-libstdcxx-pch --with-newlib --disable-threads --enable-plugins --with-gnu-as --disable-libitm --disable-tm-clone-registry --disable-tls --disable-decimal-float --with-sysroot=/not/exist]
  ignore line: [Thread model: single]
  ignore line: [Supported LTO compression algorithms: zlib zstd]
  ignore line: [gcc version 13.3.0 (GCC) ]
  ignore line: [COMPILER_PATH=/tools/Xilinx/2025.2/gnu/armr5/lin/gcc-arm-none-eabi/x86_64-oesdk-linux/usr/bin/arm-xilinx-eabi/../../libexec/arm-xilinx-eabi/gcc/arm-xilinx-eabi/13.3.0/:/tools/Xilinx/2025.2/gnu/armr5/lin/gcc-arm-none-eabi/x86_64-oesdk-linux/usr/bin/arm-xilinx-eabi/../../libexec/arm-xilinx-eabi/gcc/]
  ignore line: [LIBRARY_PATH=/tools/Xilinx/2025.2/Vitis/gnu/armr5/lin/gcc-arm-none-eabi/bin/../armrm-xilinx-eabi/usr/lib/thumb/v7+fp/hard/:/tools/Xilinx/2025.2/gnu/armr5/lin/gcc-arm-none-eabi/x86_64-oesdk-linux/usr/bin/arm-xilinx-eabi/../../lib/arm-xilinx-eabi/gcc/arm-xilinx-eabi/13.3.0/:/tools/Xilinx/2025.2/gnu/armr5/lin/gcc-arm-none-eabi/x86_64-oesdk-linux/usr/bin/arm-xilinx-eabi/../../lib/arm-xilinx-eabi/gcc/:/tools/Xilinx/2025.2/Vitis/gnu/armr5/lin/gcc-arm-none-eabi/bin/../armrm-xilinx-eabi/usr/lib/arm-xilinx-eabi/13.3.0/:/tools/Xilinx/2025.2/Vitis/gnu/armr5/lin/gcc-arm-none-eabi/bin/../armrm-xilinx-eabi/usr/lib/]
  ignore line: [COLLECT_GCC_OPTIONS='--sysroot=/tools/Xilinx/2025.2/Vitis/gnu/armr5/lin/gcc-arm-none-eabi/bin/../armrm-xilinx-eabi' '-D' 'SDT' '-mcpu=cortex-r5' '-mfloat-abi=hard' '-mfpu=vfpv3-d16' '-D' 'ARMR5' '-MMD' '-MP' '-specs=/home/wstanislaus/git/Demo2/platform/psu_cortexr5_0/freertos_psu_cortexr5_0/bsp/Xilinx.spec' '-I' '/home/wstanislaus/git/Demo2/platform/psu_cortexr5_0/freertos_psu_cortexr5_0/bsp/include' '-v' '-o' 'cmTC_c3661' '-marm' '-mlibarch=armv7-r+fp+idiv' '-march=armv7-r+fp+idiv' '-dumpdir' 'cmTC_c3661.']
  link line: [ /tools/Xilinx/2025.2/gnu/armr5/lin/gcc-arm-none-eabi/x86_64-oesdk-linux/usr/bin/arm-xilinx-eabi/../../libexec/arm-xilinx-eabi/gcc/arm-xilinx-eabi/13.3.0/collect2 -plugin /tools/Xilinx/2025.2/gnu/armr5/lin/gcc-arm-none-eabi/x86_64-oesdk-linux/usr/bin/arm-xilinx-eabi/../../libexec/arm-xilinx-eabi/gcc/arm-xilinx-eabi/13.3.0/liblto_plugin.so -plugin-opt=/tools/Xilinx/2025.2/gnu/armr5/lin/gcc-arm-none-eabi/x86_64-oesdk-linux/usr/bin/arm-xilinx-eabi/../../libexec/arm-xilinx-eabi/gcc/arm-xilinx-eabi/13.3.0/lto-wrapper -plugin-opt=-fresolution=/tmp/ccHa6U6r.res -plugin-opt=-pass-through=-lgcc -plugin-opt=-pass-through=-lc --sysroot=/tools/Xilinx/2025.2/Vitis/gnu/armr5/lin/gcc-arm-none-eabi/bin/../armrm-xilinx-eabi --build-id -X -o cmTC_c3661 /tools/Xilinx/2025.2/Vitis/gnu/armr5/lin/gcc-arm-none-eabi/bin/../armrm-xilinx-eabi/usr/lib/thumb/v7+fp/hard/crti.o /tools/Xilinx/2025.2/Vitis/gnu/armr5/lin/gcc-arm-none-eabi/bin/../armrm-xilinx-eabi/usr/lib/thumb/v7+fp/hard/crtbegin.o -L/tools/Xilinx/2025.2/Vitis/gnu/armr5/lin/gcc-arm-none-eabi/bin/../armrm-xilinx-eabi/usr/lib/thumb/v7+fp/hard -L/tools/Xilinx/2025.2/gnu/armr5/lin/gcc-arm-none-eabi/x86_64-oesdk-linux/usr/bin/arm-xilinx-eabi/../../lib/arm-xilinx-eabi/gcc/arm-xilinx-eabi/13.3.0 -L/tools/Xilinx/2025.2/gnu/armr5/lin/gcc-arm-none-eabi/x86_64-oesdk-linux/usr/bin/arm-xilinx-eabi/../../lib/arm-xilinx-eabi/gcc -L/tools/Xilinx/2025.2/Vitis/gnu/armr5/lin/gcc-arm-none-eabi/bin/../armrm-xilinx-eabi/usr/lib/arm-xilinx-eabi/13.3.0 -L/tools/Xilinx/2025.2/Vitis/gnu/armr5/lin/gcc-arm-none-eabi/bin/../armrm-xilinx-eabi/usr/lib --no-warn-rwx-segment CMakeFiles/cmTC_c3661.dir/CMakeCXXCompilerABI.cpp.obj -lstdc++ -lm --start-group -lgcc -lc --end-group /tools/Xilinx/2025.2/Vitis/gnu/armr5/lin/gcc-arm-none-eabi/bin/../armrm-xilinx-eabi/usr/lib/thumb/v7+fp/hard/crtend.o /tools/Xilinx/2025.2/Vitis/gnu/armr5/lin/gcc-arm-none-eabi/bin/../armrm-xilinx-eabi/usr/lib/thumb/v7+fp/hard/crtn.o]
    arg [/tools/Xilinx/2025.2/gnu/armr5/lin/gcc-arm-none-eabi/x86_64-oesdk-linux/usr/bin/arm-xilinx-eabi/../../libexec/arm-xilinx-eabi/gcc/arm-xilinx-eabi/13.3.0/collect2] ==> ignore
    arg [-plugin] ==> ignore
    arg [/tools/Xilinx/2025.2/gnu/armr5/lin/gcc-arm-none-eabi/x86_64-oesdk-linux/usr/bin/arm-xilinx-eabi/../../libexec/arm-xilinx-eabi/gcc/arm-xilinx-eabi/13.3.0/liblto_plugin.so] ==> ignore
    arg [-plugin-opt=/tools/Xilinx/2025.2/gnu/armr5/lin/gcc-arm-none-eabi/x86_64-oesdk-linux/usr/bin/arm-xilinx-eabi/../../libexec/arm-xilinx-eabi/gcc/arm-xilinx-eabi/13.3.0/lto-wrapper] ==> ignore
    arg [-plugin-opt=-fresolution=/tmp/ccHa6U6r.res] ==> ignore
    arg [-plugin-opt=-pass-through=-lgcc] ==> ignore
    arg [-plugin-opt=-pass-through=-lc] ==> ignore
    arg [--sysroot=/tools/Xilinx/2025.2/Vitis/gnu/armr5/lin/gcc-arm-none-eabi/bin/../armrm-xilinx-eabi] ==> ignore
    arg [--build-id] ==> ignore
    arg [-X] ==> ignore
    arg [-o] ==> ignore
    arg [cmTC_c3661] ==> ignore
    arg [/tools/Xilinx/2025.2/Vitis/gnu/armr5/lin/gcc-arm-none-eabi/bin/../armrm-xilinx-eabi/usr/lib/thumb/v7+fp/hard/crti.o] ==> obj [/tools/Xilinx/2025.2/Vitis/gnu/armr5/lin/gcc-arm-none-eabi/bin/../armrm-xilinx-eabi/usr/lib/thumb/v7+fp/hard/crti.o]
    arg [/tools/Xilinx/2025.2/Vitis/gnu/armr5/lin/gcc-arm-none-eabi/bin/../armrm-xilinx-eabi/usr/lib/thumb/v7+fp/hard/crtbegin.o] ==> obj [/tools/Xilinx/2025.2/Vitis/gnu/armr5/lin/gcc-arm-none-eabi/bin/../armrm-xilinx-eabi/usr/lib/thumb/v7+fp/hard/crtbegin.o]
    arg [-L/tools/Xilinx/2025.2/Vitis/gnu/armr5/lin/gcc-arm-none-eabi/bin/../armrm-xilinx-eabi/usr/lib/thumb/v7+fp/hard] ==> dir [/tools/Xilinx/2025.2/Vitis/gnu/armr5/lin/gcc-arm-none-eabi/bin/../armrm-xilinx-eabi/usr/lib/thumb/v7+fp/hard]
    arg [-L/tools/Xilinx/2025.2/gnu/armr5/lin/gcc-arm-none-eabi/x86_64-oesdk-linux/usr/bin/arm-xilinx-eabi/../../lib/arm-xilinx-eabi/gcc/arm-xilinx-eabi/13.3.0] ==> dir [/tools/Xilinx/2025.2/gnu/armr5/lin/gcc-arm-none-eabi/x86_64-oesdk-linux/usr/bin/arm-xilinx-eabi/../../lib/arm-xilinx-eabi/gcc/arm-xilinx-eabi/13.3.0]
    arg [-L/tools/Xilinx/2025.2/gnu/armr5/lin/gcc-arm-none-eabi/x86_64-oesdk-linux/usr/bin/arm-xilinx-eabi/../../lib/arm-xilinx-eabi/gcc] ==> dir [/tools/Xilinx/2025.2/gnu/armr5/lin/gcc-arm-none-eabi/x86_64-oesdk-linux/usr/bin/arm-xilinx-eabi/../../lib/arm-xilinx-eabi/gcc]
    arg [-L/tools/Xilinx/2025.2/Vitis/gnu/armr5/lin/gcc-arm-none-eabi/bin/../armrm-xilinx-eabi/usr/lib/arm-xilinx-eabi/13.3.0] ==> dir [/tools/Xilinx/2025.2/Vitis/gnu/armr5/lin/gcc-arm-none-eabi/bin/../armrm-xilinx-eabi/usr/lib/arm-xilinx-eabi/13.3.0]
    arg [-L/tools/Xilinx/2025.2/Vitis/gnu/armr5/lin/gcc-arm-none-eabi/bin/../armrm-xilinx-eabi/usr/lib] ==> dir [/tools/Xilinx/2025.2/Vitis/gnu/armr5/lin/gcc-arm-none-eabi/bin/../armrm-xilinx-eabi/usr/lib]
    arg [--no-warn-rwx-segment] ==> ignore
    arg [CMakeFiles/cmTC_c3661.dir/CMakeCXXCompilerABI.cpp.obj] ==> ignore
    arg [-lstdc++] ==> lib [stdc++]
    arg [-lm] ==> lib [m]
    arg [--start-group] ==> ignore
    arg [-lgcc] ==> lib [gcc]
    arg [-lc] ==> lib [c]
    arg [--end-group] ==> ignore
    arg [/tools/Xilinx/2025.2/Vitis/gnu/armr5/lin/gcc-arm-none-eabi/bin/../armrm-xilinx-eabi/usr/lib/thumb/v7+fp/hard/crtend.o] ==> obj [/tools/Xilinx/2025.2/Vitis/gnu/armr5/lin/gcc-arm-none-eabi/bin/../armrm-xilinx-eabi/usr/lib/thumb/v7+fp/hard/crtend.o]
    arg [/tools/Xilinx/2025.2/Vitis/gnu/armr5/lin/gcc-arm-none-eabi/bin/../armrm-xilinx-eabi/usr/lib/thumb/v7+fp/hard/crtn.o] ==> obj [/tools/Xilinx/2025.2/Vitis/gnu/armr5/lin/gcc-arm-none-eabi/bin/../armrm-xilinx-eabi/usr/lib/thumb/v7+fp/hard/crtn.o]
  collapse obj [/tools/Xilinx/2025.2/Vitis/gnu/armr5/lin/gcc-arm-none-eabi/bin/../armrm-xilinx-eabi/usr/lib/thumb/v7+fp/hard/crti.o] ==> [/tools/Xilinx/2025.2/Vitis/gnu/armr5/lin/gcc-arm-none-eabi/armrm-xilinx-eabi/usr/lib/thumb/v7+fp/hard/crti.o]
  collapse obj [/tools/Xilinx/2025.2/Vitis/gnu/armr5/lin/gcc-arm-none-eabi/bin/../armrm-xilinx-eabi/usr/lib/thumb/v7+fp/hard/crtbegin.o] ==> [/tools/Xilinx/2025.2/Vitis/gnu/armr5/lin/gcc-arm-none-eabi/armrm-xilinx-eabi/usr/lib/thumb/v7+fp/hard/crtbegin.o]
  collapse obj [/tools/Xilinx/2025.2/Vitis/gnu/armr5/lin/gcc-arm-none-eabi/bin/../armrm-xilinx-eabi/usr/lib/thumb/v7+fp/hard/crtend.o] ==> [/tools/Xilinx/2025.2/Vitis/gnu/armr5/lin/gcc-arm-none-eabi/armrm-xilinx-eabi/usr/lib/thumb/v7+fp/hard/crtend.o]
  collapse obj [/tools/Xilinx/2025.2/Vitis/gnu/armr5/lin/gcc-arm-none-eabi/bin/../armrm-xilinx-eabi/usr/lib/thumb/v7+fp/hard/crtn.o] ==> [/tools/Xilinx/2025.2/Vitis/gnu/armr5/lin/gcc-arm-none-eabi/armrm-xilinx-eabi/usr/lib/thumb/v7+fp/hard/crtn.o]
  collapse library dir [/tools/Xilinx/2025.2/Vitis/gnu/armr5/lin/gcc-arm-none-eabi/bin/../armrm-xilinx-eabi/usr/lib/thumb/v7+fp/hard] ==> [/tools/Xilinx/2025.2/Vitis/gnu/armr5/lin/gcc-arm-none-eabi/armrm-xilinx-eabi/usr/lib/thumb/v7+fp/hard]
  collapse library dir [/tools/Xilinx/2025.2/gnu/armr5/lin/gcc-arm-none-eabi/x86_64-oesdk-linux/usr/bin/arm-xilinx-eabi/../../lib/arm-xilinx-eabi/gcc/arm-xilinx-eabi/13.3.0] ==> [/tools/Xilinx/2025.2/gnu/armr5/lin/gcc-arm-none-eabi/x86_64-oesdk-linux/usr/lib/arm-xilinx-eabi/gcc/arm-xilinx-eabi/13.3.0]
  collapse library dir [/tools/Xilinx/2025.2/gnu/armr5/lin/gcc-arm-none-eabi/x86_64-oesdk-linux/usr/bin/arm-xilinx-eabi/../../lib/arm-xilinx-eabi/gcc] ==> [/tools/Xilinx/2025.2/gnu/armr5/lin/gcc-arm-none-eabi/x86_64-oesdk-linux/usr/lib/arm-xilinx-eabi/gcc]
  collapse library dir [/tools/Xilinx/2025.2/Vitis/gnu/armr5/lin/gcc-arm-none-eabi/bin/../armrm-xilinx-eabi/usr/lib/arm-xilinx-eabi/13.3.0] ==> [/tools/Xilinx/2025.2/Vitis/gnu/armr5/lin/gcc-arm-none-eabi/armrm-xilinx-eabi/usr/lib/arm-xilinx-eabi/13.3.0]
  collapse library dir [/tools/Xilinx/2025.2/Vitis/gnu/armr5/lin/gcc-arm-none-eabi/bin/../armrm-xilinx-eabi/usr/lib] ==> [/tools/Xilinx/2025.2/Vitis/gnu/armr5/lin/gcc-arm-none-eabi/armrm-xilinx-eabi/usr/lib]
  implicit libs: [stdc++;m;gcc;c]
  implicit objs: [/tools/Xilinx/2025.2/Vitis/gnu/armr5/lin/gcc-arm-none-eabi/armrm-xilinx-eabi/usr/lib/thumb/v7+fp/hard/crti.o;/tools/Xilinx/2025.2/Vitis/gnu/armr5/lin/gcc-arm-none-eabi/armrm-xilinx-eabi/usr/lib/thumb/v7+fp/hard/crtbegin.o;/tools/Xilinx/2025.2/Vitis/gnu/armr5/lin/gcc-arm-none-eabi/armrm-xilinx-eabi/usr/lib/thumb/v7+fp/hard/crtend.o;/tools/Xilinx/2025.2/Vitis/gnu/armr5/lin/gcc-arm-none-eabi/armrm-xilinx-eabi/usr/lib/thumb/v7+fp/hard/crtn.o]
  implicit dirs: [/tools/Xilinx/2025.2/Vitis/gnu/armr5/lin/gcc-arm-none-eabi/armrm-xilinx-eabi/usr/lib/thumb/v7+fp/hard;/tools/Xilinx/2025.2/gnu/armr5/lin/gcc-arm-none-eabi/x86_64-oesdk-linux/usr/lib/arm-xilinx-eabi/gcc/arm-xilinx-eabi/13.3.0;/tools/Xilinx/2025.2/gnu/armr5/lin/gcc-arm-none-eabi/x86_64-oesdk-linux/usr/lib/arm-xilinx-eabi/gcc;/tools/Xilinx/2025.2/Vitis/gnu/armr5/lin/gcc-arm-none-eabi/armrm-xilinx-eabi/usr/lib/arm-xilinx-eabi/13.3.0;/tools/Xilinx/2025.2/Vitis/gnu/armr5/lin/gcc-arm-none-eabi/armrm-xilinx-eabi/usr/lib]
  implicit fwks: []


